#
# There is insufficient memory for the Java Runtime Environment to continue.
# Native memory allocation (mmap) failed to map 834666496 bytes for G1 virtual space
# Possible reasons:
#   The system is out of physical RAM or swap space
#   The process is running with CompressedOops enabled, and the Java Heap may be blocking the growth of the native heap
# Possible solutions:
#   Reduce memory load on the system
#   Increase physical memory or swap space
#   Check if swap backing store is full
#   Decrease Java heap size (-Xmx/-Xms)
#   Decrease number of Java threads
#   Decrease Java thread stack sizes (-Xss)
#   Set larger code cache with -XX:ReservedCodeCacheSize=
#   JVM is running with Zero Based Compressed Oops mode in which the Java heap is
#     placed in the first 32GB address space. The Java Heap base address is the
#     maximum limit for the native heap growth. Please use -XX:HeapBaseMinAddress
#     to set the Java Heap base and to place the Java Heap above 32GB virtual address.
# This output file may be truncated or incomplete.
#
#  Out of Memory Error (os_windows.cpp:3536), pid=29528, tid=29128
#
# JRE version: Java(TM) SE Runtime Environment (19.0.2+7) (build 19.0.2+7-44)
# Java VM: Java HotSpot(TM) 64-Bit Server VM (19.0.2+7-44, mixed mode, sharing, tiered, compressed oops, compressed class ptrs, g1 gc, windows-amd64)
# No core dump will be written. Minidumps are not enabled by default on client versions of Windows
#

---------------  S U M M A R Y ------------

Command Line: -Dfile.encoding=UTF-8 -XX:+ShowCodeDetailsInExceptionMessages co.edu.unbosque.controller.AplMain

Host: AMD Ryzen 7 5800HS with Radeon Graphics         , 16 cores, 15G,  Windows 11 , 64 bit Build 22621 (10.0.22621.2506)
Time: Thu Nov 23 21:45:24 2023 Hora est. Pacífico, Sudamérica elapsed time: 3.680846 seconds (0d 0h 0m 3s)

---------------  T H R E A D  ---------------

Current thread (0x000002ac79e49b70):  VMThread "VM Thread" [stack: 0x000000cb34200000,0x000000cb34300000] [id=29128]

Stack: [0x000000cb34200000,0x000000cb34300000]
Native frames: (J=compiled Java code, j=interpreted, Vv=VM code, C=native code)
V  [jvm.dll+0x6ee21a]
V  [jvm.dll+0x85765e]
V  [jvm.dll+0x85904e]
V  [jvm.dll+0x859703]
V  [jvm.dll+0x28298f]
V  [jvm.dll+0x6eb009]
V  [jvm.dll+0x6dfbaa]
V  [jvm.dll+0x3573f6]
V  [jvm.dll+0x35ee56]
V  [jvm.dll+0x3b541e]
V  [jvm.dll+0x3b564f]
V  [jvm.dll+0x32c9ea]
V  [jvm.dll+0x32ca97]
V  [jvm.dll+0x374cd2]
V  [jvm.dll+0x37340f]
V  [jvm.dll+0x32c210]
V  [jvm.dll+0x372ccd]
V  [jvm.dll+0x85ebc3]
V  [jvm.dll+0x85f989]
V  [jvm.dll+0x85febd]
V  [jvm.dll+0x86034b]
V  [jvm.dll+0x860407]
V  [jvm.dll+0x80125a]
V  [jvm.dll+0x6ecf0b]
C  [ucrtbase.dll+0x29363]
C  [KERNEL32.DLL+0x1257d]
C  [ntdll.dll+0x5aa58]

VM_Operation (0x000000cb360fec28): G1TryInitiateConcMark, mode: safepoint, requested by thread 0x000002ac7e167550


---------------  P R O C E S S  ---------------

Threads class SMR info:
_java_thread_list=0x000002ac04022540, length=19, elements={
0x000002ac54477720, 0x000002ac79e61490, 0x000002ac79e62820, 0x000002ac79e65f20,
0x000002ac79e67860, 0x000002ac79e6a940, 0x000002ac79e6c020, 0x000002ac79e74d50,
0x000002ac79e7a610, 0x000002ac79e93350, 0x000002ac7e097b10, 0x000002ac7e165570,
0x000002ac7e164580, 0x000002ac7e167000, 0x000002ac7e166010, 0x000002ac7e164ad0,
0x000002ac7e167550, 0x000002ac7e165ac0, 0x000002ac7e165020
}

Java Threads: ( => current thread )
  0x000002ac54477720 JavaThread "main" [_thread_blocked, id=29896, stack(0x000000cb33c00000,0x000000cb33d00000)]
  0x000002ac79e61490 JavaThread "Reference Handler" daemon [_thread_blocked, id=26836, stack(0x000000cb34300000,0x000000cb34400000)]
  0x000002ac79e62820 JavaThread "Finalizer" daemon [_thread_blocked, id=29656, stack(0x000000cb34400000,0x000000cb34500000)]
  0x000002ac79e65f20 JavaThread "Signal Dispatcher" daemon [_thread_blocked, id=30480, stack(0x000000cb34500000,0x000000cb34600000)]
  0x000002ac79e67860 JavaThread "Attach Listener" daemon [_thread_blocked, id=30592, stack(0x000000cb34600000,0x000000cb34700000)]
  0x000002ac79e6a940 JavaThread "Service Thread" daemon [_thread_blocked, id=27696, stack(0x000000cb34700000,0x000000cb34800000)]
  0x000002ac79e6c020 JavaThread "Monitor Deflation Thread" daemon [_thread_blocked, id=28212, stack(0x000000cb34800000,0x000000cb34900000)]
  0x000002ac79e74d50 JavaThread "C2 CompilerThread0" daemon [_thread_blocked, id=30764, stack(0x000000cb34900000,0x000000cb34a00000)]
  0x000002ac79e7a610 JavaThread "C1 CompilerThread0" daemon [_thread_blocked, id=28684, stack(0x000000cb34a00000,0x000000cb34b00000)]
  0x000002ac79e93350 JavaThread "Sweeper thread" daemon [_thread_blocked, id=18076, stack(0x000000cb34b00000,0x000000cb34c00000)]
  0x000002ac7e097b10 JavaThread "C1 CompilerThread1" daemon [_thread_blocked, id=26060, stack(0x000000cb34c00000,0x000000cb34d00000)]
  0x000002ac7e165570 JavaThread "Notification Thread" daemon [_thread_blocked, id=31156, stack(0x000000cb34d00000,0x000000cb34e00000)]
  0x000002ac7e164580 JavaThread "Common-Cleaner" daemon [_thread_blocked, id=31672, stack(0x000000cb34f00000,0x000000cb35000000)]
  0x000002ac7e167000 JavaThread "Java2D Disposer" daemon [_thread_blocked, id=31888, stack(0x000000cb35000000,0x000000cb35100000)]
  0x000002ac7e166010 JavaThread "AWT-Windows" daemon [_thread_in_native, id=30416, stack(0x000000cb35200000,0x000000cb35300000)]
  0x000002ac7e164ad0 JavaThread "Image Fetcher 0" daemon [_thread_blocked, id=30636, stack(0x000000cb35f00000,0x000000cb36000000)]
  0x000002ac7e167550 JavaThread "Image Fetcher 1" daemon [_thread_blocked, id=33080, stack(0x000000cb36000000,0x000000cb36100000)]
  0x000002ac7e165ac0 JavaThread "AWT-Shutdown" [_thread_blocked, id=26464, stack(0x000000cb35100000,0x000000cb35200000)]
  0x000002ac7e165020 JavaThread "AWT-EventQueue-0" [_thread_blocked, id=33604, stack(0x000000cb36800000,0x000000cb36900000)]

Other Threads:
=>0x000002ac79e49b70 VMThread "VM Thread" [stack: 0x000000cb34200000,0x000000cb34300000] [id=29128]
  0x000002ac7e16a960 WatcherThread "VM Periodic Task Thread" [stack: 0x000000cb34e00000,0x000000cb34f00000] [id=32228]
  0x000002ac544e8cd0 WorkerThread "GC Thread#0" [stack: 0x000000cb33d00000,0x000000cb33e00000] [id=27732]
  0x000002ac7ee16de0 WorkerThread "GC Thread#1" [stack: 0x000000cb36100000,0x000000cb36200000] [id=18544]
  0x000002ac0494c630 WorkerThread "GC Thread#2" [stack: 0x000000cb36200000,0x000000cb36300000] [id=25416]
  0x000002ac0494d9e0 WorkerThread "GC Thread#3" [stack: 0x000000cb36300000,0x000000cb36400000] [id=30400]
  0x000002ac0494c900 WorkerThread "GC Thread#4" [stack: 0x000000cb36400000,0x000000cb36500000] [id=29340]
  0x000002ac0494d170 WorkerThread "GC Thread#5" [stack: 0x000000cb36500000,0x000000cb36600000] [id=26316]
  0x000002ac0494bdc0 WorkerThread "GC Thread#6" [stack: 0x000000cb36600000,0x000000cb36700000] [id=31188]
  0x000002ac0494cea0 WorkerThread "GC Thread#7" [stack: 0x000000cb36700000,0x000000cb36800000] [id=1632]
  0x000002ac0494c360 WorkerThread "GC Thread#8" [stack: 0x000000cb36b00000,0x000000cb36c00000] [id=15644]
  0x000002ac0494d440 WorkerThread "GC Thread#9" [stack: 0x000000cb36c00000,0x000000cb36d00000] [id=25868]
  0x000002ac0494cbd0 WorkerThread "GC Thread#10" [stack: 0x000000cb36d00000,0x000000cb36e00000] [id=30444]
  0x000002ac04282840 WorkerThread "GC Thread#11" [stack: 0x000000cb36e00000,0x000000cb36f00000] [id=10192]
  0x000002ac04280680 WorkerThread "GC Thread#12" [stack: 0x000000cb36f00000,0x000000cb37000000] [id=33276]
  0x000002ac544f9a00 ConcurrentGCThread "G1 Main Marker" [stack: 0x000000cb33e00000,0x000000cb33f00000] [id=19364]
  0x000002ac544fa240 WorkerThread "G1 Conc#0" [stack: 0x000000cb33f00000,0x000000cb34000000] [id=31544]
  0x000002ac0494c090 WorkerThread "G1 Conc#1" [stack: 0x000000cb36900000,0x000000cb36a00000] [id=29780]
  0x000002ac0494d710 WorkerThread "G1 Conc#2" [stack: 0x000000cb36a00000,0x000000cb36b00000] [id=27512]
  0x000002ac79d03df0 ConcurrentGCThread "G1 Refine#0" [stack: 0x000000cb34000000,0x000000cb34100000] [id=32316]
  0x000002ac79d045e0 ConcurrentGCThread "G1 Service" [stack: 0x000000cb34100000,0x000000cb34200000] [id=26384]

Threads with active compile tasks:
C2 CompilerThread0     3698 1477   !   4       javax.swing.UIDefaults::getFromHashtable (239 bytes)

VM state: at safepoint (normal execution)

VM Mutex/Monitor currently owned by a thread:  ([mutex/lock_event])
[0x000002ac544742a0] Threads_lock - owner thread: 0x000002ac79e49b70
[0x000002ac54474060] Heap_lock - owner thread: 0x000002ac7e167550

Heap address: 0x0000000709800000, size: 3944 MB, Compressed Oops mode: Zero based, Oop shift amount: 3

CDS archive(s) mapped at: [0x0000000800000000-0x0000000800c40000-0x0000000800c40000), size 12845056, SharedBaseAddress: 0x0000000800000000, ArchiveRelocationMode: 0.
Compressed class space mapped at: 0x0000000801000000-0x0000000841000000, reserved size: 1073741824
Narrow klass base: 0x0000000800000000, Narrow klass shift: 0, Narrow klass range: 0x100000000

GC Precious Log:
 CardTable entry size: 512
 Card Set container configuration: InlinePtr #cards 4 size 8 Array Of Cards #cards 16 size 48 Howl #buckets 8 coarsen threshold 3686 Howl Bitmap #cards 512 size 80 coarsen threshold 460 Card regions per heap region 1 cards per card region 4096
 CPUs: 16 total, 16 available
 Memory: 15775M
 Large Page Support: Disabled
 NUMA Support: Disabled
 Compressed Oops: Enabled (Zero based)
 Heap Region Size: 2M
 Heap Min Capacity: 8M
 Heap Initial Capacity: 248M
 Heap Max Capacity: 3944M
 Pre-touch: Disabled
 Parallel Workers: 13
 Concurrent Workers: 3
 Concurrent Refinement Workers: 13
 Periodic GC: Disabled

Heap:
 garbage-first heap   total 589824K, used 286045K [0x0000000709800000, 0x0000000800000000)
  region size 2048K, 1 young (2048K), 1 survivors (2048K)
 Metaspace       used 10416K, committed 10560K, reserved 1114112K
  class space    used 1334K, committed 1408K, reserved 1048576K

Heap Regions: E=young(eden), S=young(survivor), O=old, HS=humongous(starts), HC=humongous(continues), CS=collection set, F=free, OA=open archive, CA=closed archive, TAMS=top-at-mark-start (previous, next)
|   0|0x0000000709800000, 0x0000000709a00000, 0x0000000709a00000|100%|HS|  |TAMS 0x0000000709a00000, 0x0000000709a00000| Complete 
|   1|0x0000000709a00000, 0x0000000709c00000, 0x0000000709c00000|100%|HC|  |TAMS 0x0000000709c00000, 0x0000000709c00000| Complete 
|   2|0x0000000709c00000, 0x0000000709e00000, 0x0000000709e00000|100%|HS|  |TAMS 0x0000000709e00000, 0x0000000709e00000| Complete 
|   3|0x0000000709e00000, 0x000000070a000000, 0x000000070a000000|100%|HC|  |TAMS 0x000000070a000000, 0x000000070a000000| Complete 
|   4|0x000000070a000000, 0x000000070a200000, 0x000000070a200000|100%|HS|  |TAMS 0x000000070a200000, 0x000000070a200000| Complete 
|   5|0x000000070a200000, 0x000000070a400000, 0x000000070a400000|100%|HC|  |TAMS 0x000000070a400000, 0x000000070a400000| Complete 
|   6|0x000000070a400000, 0x000000070a600000, 0x000000070a600000|100%|HS|  |TAMS 0x000000070a600000, 0x000000070a600000| Complete 
|   7|0x000000070a600000, 0x000000070a800000, 0x000000070a800000|100%|HC|  |TAMS 0x000000070a800000, 0x000000070a800000| Complete 
|   8|0x000000070a800000, 0x000000070aa00000, 0x000000070aa00000|100%|HS|  |TAMS 0x000000070aa00000, 0x000000070aa00000| Complete 
|   9|0x000000070aa00000, 0x000000070ac00000, 0x000000070ac00000|100%|HC|  |TAMS 0x000000070ac00000, 0x000000070ac00000| Complete 
|  10|0x000000070ac00000, 0x000000070ae00000, 0x000000070ae00000|100%|HS|  |TAMS 0x000000070ae00000, 0x000000070ae00000| Complete 
|  11|0x000000070ae00000, 0x000000070b000000, 0x000000070b000000|100%|HC|  |TAMS 0x000000070b000000, 0x000000070b000000| Complete 
|  12|0x000000070b000000, 0x000000070b200000, 0x000000070b200000|100%|HS|  |TAMS 0x000000070b200000, 0x000000070b200000| Complete 
|  13|0x000000070b200000, 0x000000070b400000, 0x000000070b400000|100%|HC|  |TAMS 0x000000070b400000, 0x000000070b400000| Complete 
|  14|0x000000070b400000, 0x000000070b600000, 0x000000070b600000|100%|HS|  |TAMS 0x000000070b600000, 0x000000070b600000| Complete 
|  15|0x000000070b600000, 0x000000070b800000, 0x000000070b800000|100%|HC|  |TAMS 0x000000070b800000, 0x000000070b800000| Complete 
|  16|0x000000070b800000, 0x000000070ba00000, 0x000000070ba00000|100%|HS|  |TAMS 0x000000070ba00000, 0x000000070ba00000| Complete 
|  17|0x000000070ba00000, 0x000000070bc00000, 0x000000070bc00000|100%|HC|  |TAMS 0x000000070bc00000, 0x000000070bc00000| Complete 
|  18|0x000000070bc00000, 0x000000070be00000, 0x000000070be00000|100%|HS|  |TAMS 0x000000070be00000, 0x000000070be00000| Complete 
|  19|0x000000070be00000, 0x000000070c000000, 0x000000070c000000|100%|HC|  |TAMS 0x000000070c000000, 0x000000070c000000| Complete 
|  20|0x000000070c000000, 0x000000070c200000, 0x000000070c200000|100%|HS|  |TAMS 0x000000070c200000, 0x000000070c200000| Complete 
|  21|0x000000070c200000, 0x000000070c400000, 0x000000070c400000|100%|HC|  |TAMS 0x000000070c400000, 0x000000070c400000| Complete 
|  22|0x000000070c400000, 0x000000070c600000, 0x000000070c600000|100%|HC|  |TAMS 0x000000070c600000, 0x000000070c600000| Complete 
|  23|0x000000070c600000, 0x000000070c800000, 0x000000070c800000|100%|HS|  |TAMS 0x000000070c800000, 0x000000070c800000| Complete 
|  24|0x000000070c800000, 0x000000070ca00000, 0x000000070ca00000|100%|HS|  |TAMS 0x000000070ca00000, 0x000000070ca00000| Complete 
|  25|0x000000070ca00000, 0x000000070cc00000, 0x000000070cc00000|100%|HC|  |TAMS 0x000000070cc00000, 0x000000070cc00000| Complete 
|  26|0x000000070cc00000, 0x000000070ce00000, 0x000000070ce00000|100%|HS|  |TAMS 0x000000070ce00000, 0x000000070ce00000| Complete 
|  27|0x000000070ce00000, 0x000000070d000000, 0x000000070d000000|100%|HC|  |TAMS 0x000000070d000000, 0x000000070d000000| Complete 
|  28|0x000000070d000000, 0x000000070d200000, 0x000000070d200000|100%|HS|  |TAMS 0x000000070d200000, 0x000000070d200000| Complete 
|  29|0x000000070d200000, 0x000000070d400000, 0x000000070d400000|100%|HC|  |TAMS 0x000000070d400000, 0x000000070d400000| Complete 
|  30|0x000000070d400000, 0x000000070d600000, 0x000000070d600000|100%|HS|  |TAMS 0x000000070d600000, 0x000000070d600000| Complete 
|  31|0x000000070d600000, 0x000000070d800000, 0x000000070d800000|100%|HC|  |TAMS 0x000000070d800000, 0x000000070d800000| Complete 
|  32|0x000000070d800000, 0x000000070da00000, 0x000000070da00000|100%|HS|  |TAMS 0x000000070da00000, 0x000000070da00000| Complete 
|  33|0x000000070da00000, 0x000000070dc00000, 0x000000070dc00000|100%|HC|  |TAMS 0x000000070dc00000, 0x000000070dc00000| Complete 
|  34|0x000000070dc00000, 0x000000070de00000, 0x000000070de00000|100%|HS|  |TAMS 0x000000070de00000, 0x000000070de00000| Complete 
|  35|0x000000070de00000, 0x000000070e000000, 0x000000070e000000|100%|HC|  |TAMS 0x000000070e000000, 0x000000070e000000| Complete 
|  36|0x000000070e000000, 0x000000070e200000, 0x000000070e200000|100%|HS|  |TAMS 0x000000070e200000, 0x000000070e200000| Complete 
|  37|0x000000070e200000, 0x000000070e400000, 0x000000070e400000|100%|HC|  |TAMS 0x000000070e400000, 0x000000070e400000| Complete 
|  38|0x000000070e400000, 0x000000070e600000, 0x000000070e600000|100%|HS|  |TAMS 0x000000070e600000, 0x000000070e600000| Complete 
|  39|0x000000070e600000, 0x000000070e800000, 0x000000070e800000|100%|HC|  |TAMS 0x000000070e800000, 0x000000070e800000| Complete 
|  40|0x000000070e800000, 0x000000070ea00000, 0x000000070ea00000|100%|HS|  |TAMS 0x000000070ea00000, 0x000000070ea00000| Complete 
|  41|0x000000070ea00000, 0x000000070ec00000, 0x000000070ec00000|100%|HC|  |TAMS 0x000000070ec00000, 0x000000070ec00000| Complete 
|  42|0x000000070ec00000, 0x000000070ee00000, 0x000000070ee00000|100%|HS|  |TAMS 0x000000070ee00000, 0x000000070ee00000| Complete 
|  43|0x000000070ee00000, 0x000000070f000000, 0x000000070f000000|100%|HC|  |TAMS 0x000000070f000000, 0x000000070f000000| Complete 
|  44|0x000000070f000000, 0x000000070f200000, 0x000000070f200000|100%|HS|  |TAMS 0x000000070f200000, 0x000000070f200000| Complete 
|  45|0x000000070f200000, 0x000000070f400000, 0x000000070f400000|100%|HC|  |TAMS 0x000000070f400000, 0x000000070f400000| Complete 
|  46|0x000000070f400000, 0x000000070f600000, 0x000000070f600000|100%|HS|  |TAMS 0x000000070f600000, 0x000000070f600000| Complete 
|  47|0x000000070f600000, 0x000000070f800000, 0x000000070f800000|100%|HC|  |TAMS 0x000000070f800000, 0x000000070f800000| Complete 
|  48|0x000000070f800000, 0x000000070fa00000, 0x000000070fa00000|100%|HS|  |TAMS 0x000000070fa00000, 0x000000070fa00000| Complete 
|  49|0x000000070fa00000, 0x000000070fc00000, 0x000000070fc00000|100%|HC|  |TAMS 0x000000070fc00000, 0x000000070fc00000| Complete 
|  50|0x000000070fc00000, 0x000000070fe00000, 0x000000070fe00000|100%|HS|  |TAMS 0x000000070fe00000, 0x000000070fe00000| Complete 
|  51|0x000000070fe00000, 0x0000000710000000, 0x0000000710000000|100%|HC|  |TAMS 0x0000000710000000, 0x0000000710000000| Complete 
|  52|0x0000000710000000, 0x0000000710200000, 0x0000000710200000|100%|HS|  |TAMS 0x0000000710200000, 0x0000000710200000| Complete 
|  53|0x0000000710200000, 0x0000000710400000, 0x0000000710400000|100%|HC|  |TAMS 0x0000000710400000, 0x0000000710400000| Complete 
|  54|0x0000000710400000, 0x0000000710600000, 0x0000000710600000|100%|HS|  |TAMS 0x0000000710600000, 0x0000000710600000| Complete 
|  55|0x0000000710600000, 0x0000000710800000, 0x0000000710800000|100%|HC|  |TAMS 0x0000000710800000, 0x0000000710800000| Complete 
|  56|0x0000000710800000, 0x0000000710a00000, 0x0000000710a00000|100%|HC|  |TAMS 0x0000000710a00000, 0x0000000710a00000| Complete 
|  57|0x0000000710a00000, 0x0000000710c00000, 0x0000000710c00000|100%|HS|  |TAMS 0x0000000710c00000, 0x0000000710c00000| Complete 
|  58|0x0000000710c00000, 0x0000000710e00000, 0x0000000710e00000|100%|HS|  |TAMS 0x0000000710e00000, 0x0000000710e00000| Complete 
|  59|0x0000000710e00000, 0x0000000711000000, 0x0000000711000000|100%|HC|  |TAMS 0x0000000711000000, 0x0000000711000000| Complete 
|  60|0x0000000711000000, 0x0000000711200000, 0x0000000711200000|100%|HC|  |TAMS 0x0000000711200000, 0x0000000711200000| Complete 
|  61|0x0000000711200000, 0x0000000711400000, 0x0000000711400000|100%|HS|  |TAMS 0x0000000711400000, 0x0000000711400000| Complete 
|  62|0x0000000711400000, 0x0000000711600000, 0x0000000711600000|100%|HS|  |TAMS 0x0000000711600000, 0x0000000711600000| Complete 
|  63|0x0000000711600000, 0x0000000711800000, 0x0000000711800000|100%|HC|  |TAMS 0x0000000711800000, 0x0000000711800000| Complete 
|  64|0x0000000711800000, 0x0000000711a00000, 0x0000000711a00000|100%|HC|  |TAMS 0x0000000711a00000, 0x0000000711a00000| Complete 
|  65|0x0000000711a00000, 0x0000000711c00000, 0x0000000711c00000|100%|HS|  |TAMS 0x0000000711c00000, 0x0000000711c00000| Complete 
|  66|0x0000000711c00000, 0x0000000711e00000, 0x0000000711e00000|100%|HS|  |TAMS 0x0000000711e00000, 0x0000000711e00000| Complete 
|  67|0x0000000711e00000, 0x0000000712000000, 0x0000000712000000|100%|HC|  |TAMS 0x0000000712000000, 0x0000000712000000| Complete 
|  68|0x0000000712000000, 0x0000000712200000, 0x0000000712200000|100%|HC|  |TAMS 0x0000000712200000, 0x0000000712200000| Complete 
|  69|0x0000000712200000, 0x0000000712400000, 0x0000000712400000|100%|HS|  |TAMS 0x0000000712400000, 0x0000000712400000| Complete 
|  70|0x0000000712400000, 0x0000000712600000, 0x0000000712600000|100%|HS|  |TAMS 0x0000000712600000, 0x0000000712600000| Complete 
|  71|0x0000000712600000, 0x0000000712800000, 0x0000000712800000|100%|HC|  |TAMS 0x0000000712800000, 0x0000000712800000| Complete 
|  72|0x0000000712800000, 0x0000000712a00000, 0x0000000712a00000|100%|HC|  |TAMS 0x0000000712a00000, 0x0000000712a00000| Complete 
|  73|0x0000000712a00000, 0x0000000712c00000, 0x0000000712c00000|100%|HS|  |TAMS 0x0000000712c00000, 0x0000000712c00000| Complete 
|  74|0x0000000712c00000, 0x0000000712e00000, 0x0000000712e00000|100%|HS|  |TAMS 0x0000000712e00000, 0x0000000712e00000| Complete 
|  75|0x0000000712e00000, 0x0000000713000000, 0x0000000713000000|100%|HC|  |TAMS 0x0000000713000000, 0x0000000713000000| Complete 
|  76|0x0000000713000000, 0x0000000713200000, 0x0000000713200000|100%|HC|  |TAMS 0x0000000713200000, 0x0000000713200000| Complete 
|  77|0x0000000713200000, 0x0000000713400000, 0x0000000713400000|100%|HS|  |TAMS 0x0000000713400000, 0x0000000713400000| Complete 
|  78|0x0000000713400000, 0x0000000713600000, 0x0000000713600000|100%|HS|  |TAMS 0x0000000713600000, 0x0000000713600000| Complete 
|  79|0x0000000713600000, 0x0000000713800000, 0x0000000713800000|100%|HC|  |TAMS 0x0000000713800000, 0x0000000713800000| Complete 
|  80|0x0000000713800000, 0x0000000713a00000, 0x0000000713a00000|100%| O|  |TAMS 0x0000000713a00000, 0x0000000713a00000| Untracked 
|  81|0x0000000713a00000, 0x0000000713c00000, 0x0000000713c00000|100%|HS|  |TAMS 0x0000000713c00000, 0x0000000713c00000| Complete 
|  82|0x0000000713c00000, 0x0000000713e00000, 0x0000000713e00000|100%|HC|  |TAMS 0x0000000713e00000, 0x0000000713e00000| Complete 
|  83|0x0000000713e00000, 0x0000000713ecca00, 0x0000000714000000| 39%| O|  |TAMS 0x0000000713ec6200, 0x0000000713ec6c00| Untracked 
|  84|0x0000000714000000, 0x0000000714200000, 0x0000000714200000|100%|HS|  |TAMS 0x0000000714200000, 0x0000000714200000| Complete 
|  85|0x0000000714200000, 0x0000000714400000, 0x0000000714400000|100%|HC|  |TAMS 0x0000000714400000, 0x0000000714400000| Complete 
|  86|0x0000000714400000, 0x0000000714600000, 0x0000000714600000|100%|HC|  |TAMS 0x0000000714600000, 0x0000000714600000| Complete 
|  87|0x0000000714600000, 0x0000000714800000, 0x0000000714800000|100%|HS|  |TAMS 0x0000000714800000, 0x0000000714800000| Complete 
|  88|0x0000000714800000, 0x0000000714a00000, 0x0000000714a00000|100%|HS|  |TAMS 0x0000000714a00000, 0x0000000714a00000| Complete 
|  89|0x0000000714a00000, 0x0000000714c00000, 0x0000000714c00000|100%|HC|  |TAMS 0x0000000714c00000, 0x0000000714c00000| Complete 
|  90|0x0000000714c00000, 0x0000000714e00000, 0x0000000714e00000|100%|HC|  |TAMS 0x0000000714e00000, 0x0000000714e00000| Complete 
|  91|0x0000000714e00000, 0x0000000715000000, 0x0000000715000000|100%|HS|  |TAMS 0x0000000715000000, 0x0000000715000000| Complete 
|  92|0x0000000715000000, 0x0000000715200000, 0x0000000715200000|100%|HS|  |TAMS 0x0000000715200000, 0x0000000715200000| Complete 
|  93|0x0000000715200000, 0x0000000715400000, 0x0000000715400000|100%|HC|  |TAMS 0x0000000715400000, 0x0000000715400000| Complete 
|  94|0x0000000715400000, 0x0000000715600000, 0x0000000715600000|100%|HC|  |TAMS 0x0000000715600000, 0x0000000715600000| Complete 
|  95|0x0000000715600000, 0x0000000715800000, 0x0000000715800000|100%|HS|  |TAMS 0x0000000715800000, 0x0000000715800000| Complete 
|  96|0x0000000715800000, 0x0000000715a00000, 0x0000000715a00000|100%|HS|  |TAMS 0x0000000715a00000, 0x0000000715a00000| Complete 
|  97|0x0000000715a00000, 0x0000000715c00000, 0x0000000715c00000|100%|HC|  |TAMS 0x0000000715c00000, 0x0000000715c00000| Complete 
|  98|0x0000000715c00000, 0x0000000715e00000, 0x0000000715e00000|100%|HC|  |TAMS 0x0000000715e00000, 0x0000000715e00000| Complete 
|  99|0x0000000715e00000, 0x0000000716000000, 0x0000000716000000|100%|HS|  |TAMS 0x0000000716000000, 0x0000000716000000| Complete 
| 100|0x0000000716000000, 0x0000000716200000, 0x0000000716200000|100%|HS|  |TAMS 0x0000000716200000, 0x0000000716200000| Complete 
| 101|0x0000000716200000, 0x0000000716400000, 0x0000000716400000|100%|HC|  |TAMS 0x0000000716400000, 0x0000000716400000| Complete 
| 102|0x0000000716400000, 0x0000000716600000, 0x0000000716600000|100%|HC|  |TAMS 0x0000000716600000, 0x0000000716600000| Complete 
| 103|0x0000000716600000, 0x0000000716800000, 0x0000000716800000|100%|HS|  |TAMS 0x0000000716800000, 0x0000000716800000| Complete 
| 104|0x0000000716800000, 0x0000000716a00000, 0x0000000716a00000|100%|HS|  |TAMS 0x0000000716a00000, 0x0000000716a00000| Complete 
| 105|0x0000000716a00000, 0x0000000716c00000, 0x0000000716c00000|100%|HC|  |TAMS 0x0000000716c00000, 0x0000000716c00000| Complete 
| 106|0x0000000716c00000, 0x0000000716e00000, 0x0000000716e00000|100%|HC|  |TAMS 0x0000000716e00000, 0x0000000716e00000| Complete 
| 107|0x0000000716e00000, 0x0000000717000000, 0x0000000717000000|100%|HS|  |TAMS 0x0000000717000000, 0x0000000717000000| Complete 
| 108|0x0000000717000000, 0x0000000717200000, 0x0000000717200000|100%|HS|  |TAMS 0x0000000717200000, 0x0000000717200000| Complete 
| 109|0x0000000717200000, 0x0000000717400000, 0x0000000717400000|100%|HC|  |TAMS 0x0000000717400000, 0x0000000717400000| Complete 
| 110|0x0000000717400000, 0x0000000717600000, 0x0000000717600000|100%|HC|  |TAMS 0x0000000717600000, 0x0000000717600000| Complete 
| 111|0x0000000717600000, 0x0000000717800000, 0x0000000717800000|100%|HS|  |TAMS 0x0000000717800000, 0x0000000717800000| Complete 
| 112|0x0000000717800000, 0x0000000717a00000, 0x0000000717a00000|100%|HS|  |TAMS 0x0000000717a00000, 0x0000000717a00000| Complete 
| 113|0x0000000717a00000, 0x0000000717c00000, 0x0000000717c00000|100%|HC|  |TAMS 0x0000000717c00000, 0x0000000717c00000| Complete 
| 114|0x0000000717c00000, 0x0000000717e00000, 0x0000000717e00000|100%|HC|  |TAMS 0x0000000717e00000, 0x0000000717e00000| Complete 
| 115|0x0000000717e00000, 0x0000000718000000, 0x0000000718000000|100%|HS|  |TAMS 0x0000000718000000, 0x0000000718000000| Complete 
| 116|0x0000000718000000, 0x0000000718200000, 0x0000000718200000|100%|HS|  |TAMS 0x0000000718200000, 0x0000000718200000| Complete 
| 117|0x0000000718200000, 0x0000000718400000, 0x0000000718400000|100%|HC|  |TAMS 0x0000000718400000, 0x0000000718400000| Complete 
| 118|0x0000000718400000, 0x0000000718600000, 0x0000000718600000|100%|HC|  |TAMS 0x0000000718600000, 0x0000000718600000| Complete 
| 119|0x0000000718600000, 0x0000000718800000, 0x0000000718800000|100%|HS|  |TAMS 0x0000000718800000, 0x0000000718800000| Complete 
| 120|0x0000000718800000, 0x0000000718a00000, 0x0000000718a00000|100%|HS|  |TAMS 0x0000000718a00000, 0x0000000718a00000| Complete 
| 121|0x0000000718a00000, 0x0000000718c00000, 0x0000000718c00000|100%|HC|  |TAMS 0x0000000718c00000, 0x0000000718c00000| Complete 
| 122|0x0000000718c00000, 0x0000000718e00000, 0x0000000718e00000|100%|HS|  |TAMS 0x0000000718e00000, 0x0000000718e00000| Complete 
| 123|0x0000000718e00000, 0x0000000719000000, 0x0000000719000000|100%|HC|  |TAMS 0x0000000719000000, 0x0000000719000000| Complete 
| 124|0x0000000719000000, 0x0000000719200000, 0x0000000719200000|100%|HS|  |TAMS 0x0000000719200000, 0x0000000719200000| Complete 
| 125|0x0000000719200000, 0x0000000719400000, 0x0000000719400000|100%|HC|  |TAMS 0x0000000719400000, 0x0000000719400000| Complete 
| 126|0x0000000719400000, 0x0000000719600000, 0x0000000719600000|100%|HC|  |TAMS 0x0000000719600000, 0x0000000719600000| Complete 
| 127|0x0000000719600000, 0x0000000719800000, 0x0000000719800000|100%|HS|  |TAMS 0x0000000719800000, 0x0000000719800000| Complete 
| 128|0x0000000719800000, 0x0000000719a00000, 0x0000000719a00000|100%|HS|  |TAMS 0x0000000719a00000, 0x0000000719a00000| Complete 
| 129|0x0000000719a00000, 0x0000000719c00000, 0x0000000719c00000|100%|HC|  |TAMS 0x0000000719c00000, 0x0000000719c00000| Complete 
| 130|0x0000000719c00000, 0x0000000719e00000, 0x0000000719e00000|100%|HC|  |TAMS 0x0000000719e00000, 0x0000000719e00000| Complete 
| 131|0x0000000719e00000, 0x000000071a000000, 0x000000071a000000|100%|HS|  |TAMS 0x000000071a000000, 0x000000071a000000| Complete 
| 132|0x000000071a000000, 0x000000071a200000, 0x000000071a200000|100%|HS|  |TAMS 0x000000071a200000, 0x000000071a200000| Complete 
| 133|0x000000071a200000, 0x000000071a400000, 0x000000071a400000|100%|HC|  |TAMS 0x000000071a400000, 0x000000071a400000| Complete 
| 134|0x000000071a400000, 0x000000071a600000, 0x000000071a600000|100%|HC|  |TAMS 0x000000071a600000, 0x000000071a600000| Complete 
| 135|0x000000071a600000, 0x000000071a800000, 0x000000071a800000|100%|HS|  |TAMS 0x000000071a800000, 0x000000071a800000| Complete 
| 136|0x000000071a800000, 0x000000071aa00000, 0x000000071aa00000|100%|HS|  |TAMS 0x000000071aa00000, 0x000000071aa00000| Complete 
| 137|0x000000071aa00000, 0x000000071ac00000, 0x000000071ac00000|100%|HC|  |TAMS 0x000000071ac00000, 0x000000071ac00000| Complete 
| 138|0x000000071ac00000, 0x000000071ae00000, 0x000000071ae00000|100%|HC|  |TAMS 0x000000071ae00000, 0x000000071ae00000| Complete 
| 139|0x000000071ae00000, 0x000000071b000000, 0x000000071b000000|100%|HS|  |TAMS 0x000000071ae00000, 0x000000071b000000| Complete 
| 140|0x000000071b000000, 0x000000071b000000, 0x000000071b200000|  0%| F|  |TAMS 0x000000071b000000, 0x000000071b000000| Untracked 
| 141|0x000000071b200000, 0x000000071b200000, 0x000000071b400000|  0%| F|  |TAMS 0x000000071b200000, 0x000000071b200000| Untracked 
| 142|0x000000071b400000, 0x000000071b400000, 0x000000071b600000|  0%| F|  |TAMS 0x000000071b400000, 0x000000071b400000| Untracked 
| 143|0x000000071b600000, 0x000000071b600000, 0x000000071b800000|  0%| F|  |TAMS 0x000000071b600000, 0x000000071b600000| Untracked 
| 144|0x000000071b800000, 0x000000071b800000, 0x000000071ba00000|  0%| F|  |TAMS 0x000000071b800000, 0x000000071b800000| Untracked 
| 145|0x000000071ba00000, 0x000000071ba00000, 0x000000071bc00000|  0%| F|  |TAMS 0x000000071ba00000, 0x000000071ba00000| Untracked 
| 146|0x000000071bc00000, 0x000000071bc00000, 0x000000071be00000|  0%| F|  |TAMS 0x000000071bc00000, 0x000000071bc00000| Untracked 
| 147|0x000000071be00000, 0x000000071be00000, 0x000000071c000000|  0%| F|  |TAMS 0x000000071be00000, 0x000000071be00000| Untracked 
| 148|0x000000071c000000, 0x000000071c000000, 0x000000071c200000|  0%| F|  |TAMS 0x000000071c000000, 0x000000071c000000| Untracked 
| 149|0x000000071c200000, 0x000000071c200000, 0x000000071c400000|  0%| F|  |TAMS 0x000000071c200000, 0x000000071c200000| Untracked 
| 150|0x000000071c400000, 0x000000071c400000, 0x000000071c600000|  0%| F|  |TAMS 0x000000071c400000, 0x000000071c400000| Untracked 
| 151|0x000000071c600000, 0x000000071c600000, 0x000000071c800000|  0%| F|  |TAMS 0x000000071c600000, 0x000000071c600000| Untracked 
| 152|0x000000071c800000, 0x000000071c800000, 0x000000071ca00000|  0%| F|  |TAMS 0x000000071c800000, 0x000000071c800000| Untracked 
| 153|0x000000071ca00000, 0x000000071ca00000, 0x000000071cc00000|  0%| F|  |TAMS 0x000000071ca00000, 0x000000071ca00000| Untracked 
| 154|0x000000071cc00000, 0x000000071cc00000, 0x000000071ce00000|  0%| F|  |TAMS 0x000000071cc00000, 0x000000071cc00000| Untracked 
| 155|0x000000071ce00000, 0x000000071ce00000, 0x000000071d000000|  0%| F|  |TAMS 0x000000071ce00000, 0x000000071ce00000| Untracked 
| 156|0x000000071d000000, 0x000000071d000000, 0x000000071d200000|  0%| F|  |TAMS 0x000000071d000000, 0x000000071d000000| Untracked 
| 157|0x000000071d200000, 0x000000071d200000, 0x000000071d400000|  0%| F|  |TAMS 0x000000071d200000, 0x000000071d200000| Untracked 
| 158|0x000000071d400000, 0x000000071d400000, 0x000000071d600000|  0%| F|  |TAMS 0x000000071d400000, 0x000000071d400000| Untracked 
| 159|0x000000071d600000, 0x000000071d600000, 0x000000071d800000|  0%| F|  |TAMS 0x000000071d600000, 0x000000071d600000| Untracked 
| 160|0x000000071d800000, 0x000000071d800000, 0x000000071da00000|  0%| F|  |TAMS 0x000000071d800000, 0x000000071d800000| Untracked 
| 161|0x000000071da00000, 0x000000071da00000, 0x000000071dc00000|  0%| F|  |TAMS 0x000000071da00000, 0x000000071da00000| Untracked 
| 162|0x000000071dc00000, 0x000000071dc00000, 0x000000071de00000|  0%| F|  |TAMS 0x000000071dc00000, 0x000000071dc00000| Untracked 
| 163|0x000000071de00000, 0x000000071de00000, 0x000000071e000000|  0%| F|  |TAMS 0x000000071de00000, 0x000000071de00000| Untracked 
| 164|0x000000071e000000, 0x000000071e000000, 0x000000071e200000|  0%| F|  |TAMS 0x000000071e000000, 0x000000071e000000| Untracked 
| 165|0x000000071e200000, 0x000000071e200000, 0x000000071e400000|  0%| F|  |TAMS 0x000000071e200000, 0x000000071e200000| Untracked 
| 166|0x000000071e400000, 0x000000071e400000, 0x000000071e600000|  0%| F|  |TAMS 0x000000071e400000, 0x000000071e400000| Untracked 
| 167|0x000000071e600000, 0x000000071e600000, 0x000000071e800000|  0%| F|  |TAMS 0x000000071e600000, 0x000000071e600000| Untracked 
| 168|0x000000071e800000, 0x000000071e800000, 0x000000071ea00000|  0%| F|  |TAMS 0x000000071e800000, 0x000000071e800000| Untracked 
| 169|0x000000071ea00000, 0x000000071ea00000, 0x000000071ec00000|  0%| F|  |TAMS 0x000000071ea00000, 0x000000071ea00000| Untracked 
| 170|0x000000071ec00000, 0x000000071ec00000, 0x000000071ee00000|  0%| F|  |TAMS 0x000000071ec00000, 0x000000071ec00000| Untracked 
| 171|0x000000071ee00000, 0x000000071ee00000, 0x000000071f000000|  0%| F|  |TAMS 0x000000071ee00000, 0x000000071ee00000| Untracked 
| 172|0x000000071f000000, 0x000000071f000000, 0x000000071f200000|  0%| F|  |TAMS 0x000000071f000000, 0x000000071f000000| Untracked 
| 173|0x000000071f200000, 0x000000071f200000, 0x000000071f400000|  0%| F|  |TAMS 0x000000071f200000, 0x000000071f200000| Untracked 
| 174|0x000000071f400000, 0x000000071f400000, 0x000000071f600000|  0%| F|  |TAMS 0x000000071f400000, 0x000000071f400000| Untracked 
| 175|0x000000071f600000, 0x000000071f600000, 0x000000071f800000|  0%| F|  |TAMS 0x000000071f600000, 0x000000071f600000| Untracked 
| 176|0x000000071f800000, 0x000000071f800000, 0x000000071fa00000|  0%| F|  |TAMS 0x000000071f800000, 0x000000071f800000| Untracked 
| 177|0x000000071fa00000, 0x000000071fa00000, 0x000000071fc00000|  0%| F|  |TAMS 0x000000071fa00000, 0x000000071fa00000| Untracked 
| 178|0x000000071fc00000, 0x000000071fc00000, 0x000000071fe00000|  0%| F|  |TAMS 0x000000071fc00000, 0x000000071fc00000| Untracked 
| 179|0x000000071fe00000, 0x000000071fe00000, 0x0000000720000000|  0%| F|  |TAMS 0x000000071fe00000, 0x000000071fe00000| Untracked 
| 180|0x0000000720000000, 0x0000000720000000, 0x0000000720200000|  0%| F|  |TAMS 0x0000000720000000, 0x0000000720000000| Untracked 
| 181|0x0000000720200000, 0x0000000720200000, 0x0000000720400000|  0%| F|  |TAMS 0x0000000720200000, 0x0000000720200000| Untracked 
| 182|0x0000000720400000, 0x0000000720400000, 0x0000000720600000|  0%| F|  |TAMS 0x0000000720400000, 0x0000000720400000| Untracked 
| 183|0x0000000720600000, 0x0000000720600000, 0x0000000720800000|  0%| F|  |TAMS 0x0000000720600000, 0x0000000720600000| Untracked 
| 184|0x0000000720800000, 0x0000000720800000, 0x0000000720a00000|  0%| F|  |TAMS 0x0000000720800000, 0x0000000720800000| Untracked 
| 185|0x0000000720a00000, 0x0000000720a00000, 0x0000000720c00000|  0%| F|  |TAMS 0x0000000720a00000, 0x0000000720a00000| Untracked 
| 186|0x0000000720c00000, 0x0000000720c00000, 0x0000000720e00000|  0%| F|  |TAMS 0x0000000720c00000, 0x0000000720c00000| Untracked 
| 187|0x0000000720e00000, 0x0000000720e00000, 0x0000000721000000|  0%| F|  |TAMS 0x0000000720e00000, 0x0000000720e00000| Untracked 
| 188|0x0000000721000000, 0x0000000721000000, 0x0000000721200000|  0%| F|  |TAMS 0x0000000721000000, 0x0000000721000000| Untracked 
| 189|0x0000000721200000, 0x0000000721200000, 0x0000000721400000|  0%| F|  |TAMS 0x0000000721200000, 0x0000000721200000| Untracked 
| 190|0x0000000721400000, 0x0000000721400000, 0x0000000721600000|  0%| F|  |TAMS 0x0000000721400000, 0x0000000721400000| Untracked 
| 191|0x0000000721600000, 0x0000000721600000, 0x0000000721800000|  0%| F|  |TAMS 0x0000000721600000, 0x0000000721600000| Untracked 
| 192|0x0000000721800000, 0x0000000721800000, 0x0000000721a00000|  0%| F|  |TAMS 0x0000000721800000, 0x0000000721800000| Untracked 
| 193|0x0000000721a00000, 0x0000000721a00000, 0x0000000721c00000|  0%| F|  |TAMS 0x0000000721a00000, 0x0000000721a00000| Untracked 
| 194|0x0000000721c00000, 0x0000000721c00000, 0x0000000721e00000|  0%| F|  |TAMS 0x0000000721c00000, 0x0000000721c00000| Untracked 
| 195|0x0000000721e00000, 0x0000000721e00000, 0x0000000722000000|  0%| F|  |TAMS 0x0000000721e00000, 0x0000000721e00000| Untracked 
| 196|0x0000000722000000, 0x0000000722000000, 0x0000000722200000|  0%| F|  |TAMS 0x0000000722000000, 0x0000000722000000| Untracked 
| 197|0x0000000722200000, 0x0000000722200000, 0x0000000722400000|  0%| F|  |TAMS 0x0000000722200000, 0x0000000722200000| Untracked 
| 198|0x0000000722400000, 0x0000000722400000, 0x0000000722600000|  0%| F|  |TAMS 0x0000000722400000, 0x0000000722400000| Untracked 
| 199|0x0000000722600000, 0x0000000722600000, 0x0000000722800000|  0%| F|  |TAMS 0x0000000722600000, 0x0000000722600000| Untracked 
| 200|0x0000000722800000, 0x0000000722800000, 0x0000000722a00000|  0%| F|  |TAMS 0x0000000722800000, 0x0000000722800000| Untracked 
| 201|0x0000000722a00000, 0x0000000722a00000, 0x0000000722c00000|  0%| F|  |TAMS 0x0000000722a00000, 0x0000000722a00000| Untracked 
| 202|0x0000000722c00000, 0x0000000722c00000, 0x0000000722e00000|  0%| F|  |TAMS 0x0000000722c00000, 0x0000000722c00000| Untracked 
| 203|0x0000000722e00000, 0x0000000722e00000, 0x0000000723000000|  0%| F|  |TAMS 0x0000000722e00000, 0x0000000722e00000| Untracked 
| 204|0x0000000723000000, 0x0000000723000000, 0x0000000723200000|  0%| F|  |TAMS 0x0000000723000000, 0x0000000723000000| Untracked 
| 205|0x0000000723200000, 0x0000000723200000, 0x0000000723400000|  0%| F|  |TAMS 0x0000000723200000, 0x0000000723200000| Untracked 
| 206|0x0000000723400000, 0x0000000723400000, 0x0000000723600000|  0%| F|  |TAMS 0x0000000723400000, 0x0000000723400000| Untracked 
| 207|0x0000000723600000, 0x0000000723600000, 0x0000000723800000|  0%| F|  |TAMS 0x0000000723600000, 0x0000000723600000| Untracked 
| 208|0x0000000723800000, 0x0000000723800000, 0x0000000723a00000|  0%| F|  |TAMS 0x0000000723800000, 0x0000000723800000| Untracked 
| 209|0x0000000723a00000, 0x0000000723a00000, 0x0000000723c00000|  0%| F|  |TAMS 0x0000000723a00000, 0x0000000723a00000| Untracked 
| 210|0x0000000723c00000, 0x0000000723c00000, 0x0000000723e00000|  0%| F|  |TAMS 0x0000000723c00000, 0x0000000723c00000| Untracked 
| 211|0x0000000723e00000, 0x0000000723e00000, 0x0000000724000000|  0%| F|  |TAMS 0x0000000723e00000, 0x0000000723e00000| Untracked 
| 212|0x0000000724000000, 0x0000000724000000, 0x0000000724200000|  0%| F|  |TAMS 0x0000000724000000, 0x0000000724000000| Untracked 
| 213|0x0000000724200000, 0x0000000724200000, 0x0000000724400000|  0%| F|  |TAMS 0x0000000724200000, 0x0000000724200000| Untracked 
| 214|0x0000000724400000, 0x0000000724400000, 0x0000000724600000|  0%| F|  |TAMS 0x0000000724400000, 0x0000000724400000| Untracked 
| 215|0x0000000724600000, 0x0000000724600000, 0x0000000724800000|  0%| F|  |TAMS 0x0000000724600000, 0x0000000724600000| Untracked 
| 216|0x0000000724800000, 0x0000000724800000, 0x0000000724a00000|  0%| F|  |TAMS 0x0000000724800000, 0x0000000724800000| Untracked 
| 217|0x0000000724a00000, 0x0000000724a00000, 0x0000000724c00000|  0%| F|  |TAMS 0x0000000724a00000, 0x0000000724a00000| Untracked 
| 218|0x0000000724c00000, 0x0000000724c00000, 0x0000000724e00000|  0%| F|  |TAMS 0x0000000724c00000, 0x0000000724c00000| Untracked 
| 219|0x0000000724e00000, 0x0000000724e00000, 0x0000000725000000|  0%| F|  |TAMS 0x0000000724e00000, 0x0000000724e00000| Untracked 
| 220|0x0000000725000000, 0x0000000725000000, 0x0000000725200000|  0%| F|  |TAMS 0x0000000725000000, 0x0000000725000000| Untracked 
| 221|0x0000000725200000, 0x0000000725200000, 0x0000000725400000|  0%| F|  |TAMS 0x0000000725200000, 0x0000000725200000| Untracked 
| 222|0x0000000725400000, 0x0000000725400000, 0x0000000725600000|  0%| F|  |TAMS 0x0000000725400000, 0x0000000725400000| Untracked 
| 223|0x0000000725600000, 0x0000000725600000, 0x0000000725800000|  0%| F|  |TAMS 0x0000000725600000, 0x0000000725600000| Untracked 
| 224|0x0000000725800000, 0x0000000725800000, 0x0000000725a00000|  0%| F|  |TAMS 0x0000000725800000, 0x0000000725800000| Untracked 
| 225|0x0000000725a00000, 0x0000000725a00000, 0x0000000725c00000|  0%| F|  |TAMS 0x0000000725a00000, 0x0000000725a00000| Untracked 
| 226|0x0000000725c00000, 0x0000000725c00000, 0x0000000725e00000|  0%| F|  |TAMS 0x0000000725c00000, 0x0000000725c00000| Untracked 
| 227|0x0000000725e00000, 0x0000000725e00000, 0x0000000726000000|  0%| F|  |TAMS 0x0000000725e00000, 0x0000000725e00000| Untracked 
| 228|0x0000000726000000, 0x0000000726000000, 0x0000000726200000|  0%| F|  |TAMS 0x0000000726000000, 0x0000000726000000| Untracked 
| 229|0x0000000726200000, 0x0000000726200000, 0x0000000726400000|  0%| F|  |TAMS 0x0000000726200000, 0x0000000726200000| Untracked 
| 230|0x0000000726400000, 0x0000000726400000, 0x0000000726600000|  0%| F|  |TAMS 0x0000000726400000, 0x0000000726400000| Untracked 
| 231|0x0000000726600000, 0x0000000726600000, 0x0000000726800000|  0%| F|  |TAMS 0x0000000726600000, 0x0000000726600000| Untracked 
| 232|0x0000000726800000, 0x0000000726800000, 0x0000000726a00000|  0%| F|  |TAMS 0x0000000726800000, 0x0000000726800000| Untracked 
| 233|0x0000000726a00000, 0x0000000726a00000, 0x0000000726c00000|  0%| F|  |TAMS 0x0000000726a00000, 0x0000000726a00000| Untracked 
| 234|0x0000000726c00000, 0x0000000726c00000, 0x0000000726e00000|  0%| F|  |TAMS 0x0000000726c00000, 0x0000000726c00000| Untracked 
| 235|0x0000000726e00000, 0x0000000726e00000, 0x0000000727000000|  0%| F|  |TAMS 0x0000000726e00000, 0x0000000726e00000| Untracked 
| 236|0x0000000727000000, 0x0000000727000000, 0x0000000727200000|  0%| F|  |TAMS 0x0000000727000000, 0x0000000727000000| Untracked 
| 237|0x0000000727200000, 0x0000000727200000, 0x0000000727400000|  0%| F|  |TAMS 0x0000000727200000, 0x0000000727200000| Untracked 
| 238|0x0000000727400000, 0x0000000727400000, 0x0000000727600000|  0%| F|  |TAMS 0x0000000727400000, 0x0000000727400000| Untracked 
| 239|0x0000000727600000, 0x0000000727600000, 0x0000000727800000|  0%| F|  |TAMS 0x0000000727600000, 0x0000000727600000| Untracked 
| 240|0x0000000727800000, 0x0000000727800000, 0x0000000727a00000|  0%| F|  |TAMS 0x0000000727800000, 0x0000000727800000| Untracked 
| 241|0x0000000727a00000, 0x0000000727a00000, 0x0000000727c00000|  0%| F|  |TAMS 0x0000000727a00000, 0x0000000727a00000| Untracked 
| 242|0x0000000727c00000, 0x0000000727c00000, 0x0000000727e00000|  0%| F|  |TAMS 0x0000000727c00000, 0x0000000727c00000| Untracked 
| 243|0x0000000727e00000, 0x0000000727e00000, 0x0000000728000000|  0%| F|  |TAMS 0x0000000727e00000, 0x0000000727e00000| Untracked 
| 244|0x0000000728000000, 0x0000000728000000, 0x0000000728200000|  0%| F|  |TAMS 0x0000000728000000, 0x0000000728000000| Untracked 
| 245|0x0000000728200000, 0x0000000728200000, 0x0000000728400000|  0%| F|  |TAMS 0x0000000728200000, 0x0000000728200000| Untracked 
| 246|0x0000000728400000, 0x0000000728400000, 0x0000000728600000|  0%| F|  |TAMS 0x0000000728400000, 0x0000000728400000| Untracked 
| 247|0x0000000728600000, 0x0000000728600000, 0x0000000728800000|  0%| F|  |TAMS 0x0000000728600000, 0x0000000728600000| Untracked 
| 248|0x0000000728800000, 0x0000000728800000, 0x0000000728a00000|  0%| F|  |TAMS 0x0000000728800000, 0x0000000728800000| Untracked 
| 249|0x0000000728a00000, 0x0000000728a00000, 0x0000000728c00000|  0%| F|  |TAMS 0x0000000728a00000, 0x0000000728a00000| Untracked 
| 250|0x0000000728c00000, 0x0000000728c00000, 0x0000000728e00000|  0%| F|  |TAMS 0x0000000728c00000, 0x0000000728c00000| Untracked 
| 251|0x0000000728e00000, 0x0000000728e00000, 0x0000000729000000|  0%| F|  |TAMS 0x0000000728e00000, 0x0000000728e00000| Untracked 
| 252|0x0000000729000000, 0x0000000729000000, 0x0000000729200000|  0%| F|  |TAMS 0x0000000729000000, 0x0000000729000000| Untracked 
| 253|0x0000000729200000, 0x0000000729200000, 0x0000000729400000|  0%| F|  |TAMS 0x0000000729200000, 0x0000000729200000| Untracked 
| 254|0x0000000729400000, 0x0000000729400000, 0x0000000729600000|  0%| F|  |TAMS 0x0000000729400000, 0x0000000729400000| Untracked 
| 255|0x0000000729600000, 0x0000000729600000, 0x0000000729800000|  0%| F|  |TAMS 0x0000000729600000, 0x0000000729600000| Untracked 
| 256|0x0000000729800000, 0x0000000729800000, 0x0000000729a00000|  0%| F|  |TAMS 0x0000000729800000, 0x0000000729800000| Untracked 
| 257|0x0000000729a00000, 0x0000000729a00000, 0x0000000729c00000|  0%| F|  |TAMS 0x0000000729a00000, 0x0000000729a00000| Untracked 
| 258|0x0000000729c00000, 0x0000000729c00000, 0x0000000729e00000|  0%| F|  |TAMS 0x0000000729c00000, 0x0000000729c00000| Untracked 
| 259|0x0000000729e00000, 0x0000000729e00000, 0x000000072a000000|  0%| F|  |TAMS 0x0000000729e00000, 0x0000000729e00000| Untracked 
| 260|0x000000072a000000, 0x000000072a000000, 0x000000072a200000|  0%| F|  |TAMS 0x000000072a000000, 0x000000072a000000| Untracked 
| 261|0x000000072a200000, 0x000000072a200000, 0x000000072a400000|  0%| F|  |TAMS 0x000000072a200000, 0x000000072a200000| Untracked 
| 262|0x000000072a400000, 0x000000072a400000, 0x000000072a600000|  0%| F|  |TAMS 0x000000072a400000, 0x000000072a400000| Untracked 
| 263|0x000000072a600000, 0x000000072a600000, 0x000000072a800000|  0%| F|  |TAMS 0x000000072a600000, 0x000000072a600000| Untracked 
| 264|0x000000072a800000, 0x000000072a800000, 0x000000072aa00000|  0%| F|  |TAMS 0x000000072a800000, 0x000000072a800000| Untracked 
| 265|0x000000072aa00000, 0x000000072aa00000, 0x000000072ac00000|  0%| F|  |TAMS 0x000000072aa00000, 0x000000072aa00000| Untracked 
| 266|0x000000072ac00000, 0x000000072ac00000, 0x000000072ae00000|  0%| F|  |TAMS 0x000000072ac00000, 0x000000072ac00000| Untracked 
| 267|0x000000072ae00000, 0x000000072ae00000, 0x000000072b000000|  0%| F|  |TAMS 0x000000072ae00000, 0x000000072ae00000| Untracked 
| 268|0x000000072b000000, 0x000000072b000000, 0x000000072b200000|  0%| F|  |TAMS 0x000000072b000000, 0x000000072b000000| Untracked 
| 269|0x000000072b200000, 0x000000072b200000, 0x000000072b400000|  0%| F|  |TAMS 0x000000072b200000, 0x000000072b200000| Untracked 
| 270|0x000000072b400000, 0x000000072b400000, 0x000000072b600000|  0%| F|  |TAMS 0x000000072b400000, 0x000000072b400000| Untracked 
| 271|0x000000072b600000, 0x000000072b600000, 0x000000072b800000|  0%| F|  |TAMS 0x000000072b600000, 0x000000072b600000| Untracked 
| 272|0x000000072b800000, 0x000000072b800000, 0x000000072ba00000|  0%| F|  |TAMS 0x000000072b800000, 0x000000072b800000| Untracked 
| 273|0x000000072ba00000, 0x000000072ba00000, 0x000000072bc00000|  0%| F|  |TAMS 0x000000072ba00000, 0x000000072ba00000| Untracked 
| 274|0x000000072bc00000, 0x000000072bc00000, 0x000000072be00000|  0%| F|  |TAMS 0x000000072bc00000, 0x000000072bc00000| Untracked 
| 275|0x000000072be00000, 0x000000072be00000, 0x000000072c000000|  0%| F|  |TAMS 0x000000072be00000, 0x000000072be00000| Untracked 
| 276|0x000000072c000000, 0x000000072c000000, 0x000000072c200000|  0%| F|  |TAMS 0x000000072c000000, 0x000000072c000000| Untracked 
| 277|0x000000072c200000, 0x000000072c200000, 0x000000072c400000|  0%| F|  |TAMS 0x000000072c200000, 0x000000072c200000| Untracked 
| 278|0x000000072c400000, 0x000000072c400000, 0x000000072c600000|  0%| F|  |TAMS 0x000000072c400000, 0x000000072c400000| Untracked 
| 279|0x000000072c600000, 0x000000072c600000, 0x000000072c800000|  0%| F|  |TAMS 0x000000072c600000, 0x000000072c600000| Untracked 
| 280|0x000000072c800000, 0x000000072c800000, 0x000000072ca00000|  0%| F|  |TAMS 0x000000072c800000, 0x000000072c800000| Untracked 
| 281|0x000000072ca00000, 0x000000072ca00000, 0x000000072cc00000|  0%| F|  |TAMS 0x000000072ca00000, 0x000000072ca00000| Untracked 
| 282|0x000000072cc00000, 0x000000072cc00000, 0x000000072ce00000|  0%| F|  |TAMS 0x000000072cc00000, 0x000000072cc00000| Untracked 
| 283|0x000000072ce00000, 0x000000072ce8aa30, 0x000000072d000000| 27%| S|CS|TAMS 0x000000072ce00000, 0x000000072ce00000| Complete 
| 284|0x000000072d000000, 0x000000072d000000, 0x000000072d200000|  0%| F|  |TAMS 0x000000072d000000, 0x000000072d000000| Untracked 
| 285|0x000000072d200000, 0x000000072d200000, 0x000000072d400000|  0%| F|  |TAMS 0x000000072d200000, 0x000000072d200000| Untracked 
| 286|0x000000072d400000, 0x000000072d400000, 0x000000072d600000|  0%| F|  |TAMS 0x000000072d400000, 0x000000072d400000| Untracked 
| 287|0x000000072d600000, 0x000000072d600000, 0x000000072d800000|  0%| F|  |TAMS 0x000000072d600000, 0x000000072d600000| Untracked 

Card table byte_map: [0x000002ac6e350000,0x000002ac6eb10000] _byte_map_base: 0x000002ac6ab04000

Marking Bits (Prev, Next): (CMBitMap*) 0x000002ac544e9150, (CMBitMap*) 0x000002ac544e9110
 Prev Bits: [0x000002ac73070000, 0x000002ac76e10000)
 Next Bits: [0x000002ac6f2d0000, 0x000002ac73070000)

Polling page: 0x000002ac54540000

Metaspace:

Usage:
  Non-class:      8.87 MB used.
      Class:      1.30 MB used.
       Both:     10.17 MB used.

Virtual space:
  Non-class space:       64.00 MB reserved,       8.94 MB ( 14%) committed,  1 nodes.
      Class space:        1.00 GB reserved,       1.38 MB ( <1%) committed,  1 nodes.
             Both:        1.06 GB reserved,      10.31 MB ( <1%) committed. 

Chunk freelists:
   Non-Class:  2.82 MB
       Class:  2.64 MB
        Both:  5.46 MB

MaxMetaspaceSize: unlimited
CompressedClassSpaceSize: 1.00 GB
Initial GC threshold: 21.00 MB
Current GC threshold: 21.00 MB
CDS: on
MetaspaceReclaimPolicy: balanced
 - commit_granule_bytes: 65536.
 - commit_granule_words: 8192.
 - virtual_space_node_default_size: 8388608.
 - enlarge_chunks_in_place: 1.
 - new_chunks_are_fully_committed: 0.
 - uncommit_free_chunks: 1.
 - use_allocation_guard: 0.


Internal statistics:

num_allocs_failed_limit: 0.
num_arena_births: 174.
num_arena_deaths: 0.
num_vsnodes_births: 2.
num_vsnodes_deaths: 0.
num_space_committed: 165.
num_space_uncommitted: 0.
num_chunks_returned_to_freelist: 0.
num_chunks_taken_from_freelist: 252.
num_chunk_merges: 0.
num_chunk_splits: 152.
num_chunks_enlarged: 85.
num_inconsistent_stats: 0.

CodeHeap 'non-profiled nmethods': size=119168Kb used=916Kb max_used=916Kb free=118251Kb
 bounds [0x000002ac65750000, 0x000002ac659c0000, 0x000002ac6cbb0000]
CodeHeap 'profiled nmethods': size=119104Kb used=3017Kb max_used=3017Kb free=116086Kb
 bounds [0x000002ac5dbb0000, 0x000002ac5deb0000, 0x000002ac65000000]
CodeHeap 'non-nmethods': size=7488Kb used=1894Kb max_used=1943Kb free=5593Kb
 bounds [0x000002ac65000000, 0x000002ac65270000, 0x000002ac65750000]
 total_blobs=2064 nmethods=1495 adapters=478
 compilation: enabled
              stopped_count=0, restarted_count=0
 full_count=0

Compilation events (20 events):
Event: 3.675 Thread 0x000002ac79e7a610 1492       3       javax.swing.table.DefaultTableCellRenderer::firePropertyChange (61 bytes)
Event: 3.675 Thread 0x000002ac7e097b10 1489       3       java.awt.Color::getAlpha (12 bytes)
Event: 3.675 Thread 0x000002ac7e097b10 nmethod 1489 0x000002ac5de9d390 code [0x000002ac5de9d540, 0x000002ac5de9d708]
Event: 3.675 Thread 0x000002ac7e097b10 1487       3       java.awt.GraphicsEnvironment::isHeadless (4 bytes)
Event: 3.675 Thread 0x000002ac79e7a610 nmethod 1492 0x000002ac5de9d790 code [0x000002ac5de9d960, 0x000002ac5de9dd68]
Event: 3.675 Thread 0x000002ac79e7a610 1488       3       java.awt.GraphicsEnvironment::getHeadlessProperty (22 bytes)
Event: 3.675 Thread 0x000002ac7e097b10 nmethod 1487 0x000002ac5de9de90 code [0x000002ac5de9e0a0, 0x000002ac5de9e658]
Event: 3.675 Thread 0x000002ac79e7a610 nmethod 1488 0x000002ac5de9e890 code [0x000002ac5de9eaa0, 0x000002ac5de9eff8]
Event: 3.676 Thread 0x000002ac79e7a610 1493       3       javax.swing.plaf.synth.SynthStyle::installDefaults (123 bytes)
Event: 3.677 Thread 0x000002ac79e7a610 nmethod 1493 0x000002ac5de9f210 code [0x000002ac5de9f500, 0x000002ac5dea0ac8]
Event: 3.677 Thread 0x000002ac7e097b10 1495       3       java.awt.Container::add (9 bytes)
Event: 3.677 Thread 0x000002ac7e097b10 nmethod 1495 0x000002ac5dea0f10 code [0x000002ac5dea10c0, 0x000002ac5dea12a8]
Event: 3.677 Thread 0x000002ac79e7a610 1496       3       java.util.HashSet::isEmpty (8 bytes)
Event: 3.677 Thread 0x000002ac79e7a610 nmethod 1496 0x000002ac5dea1390 code [0x000002ac5dea1540, 0x000002ac5dea1798]
Event: 3.677 Thread 0x000002ac79e7a610 1497       3       javax.swing.ActionMap::<init> (5 bytes)
Event: 3.677 Thread 0x000002ac7e097b10 1498       3       javax.swing.text.AbstractDocument::getProperty (9 bytes)
Event: 3.677 Thread 0x000002ac79e7a610 nmethod 1497 0x000002ac5dea1890 code [0x000002ac5dea1a40, 0x000002ac5dea1b98]
Event: 3.678 Thread 0x000002ac79e7a610 1499       1       javax.swing.JComboBox::isEditable (5 bytes)
Event: 3.678 Thread 0x000002ac7e097b10 nmethod 1498 0x000002ac5dea1c90 code [0x000002ac5dea1e80, 0x000002ac5dea22f8]
Event: 3.678 Thread 0x000002ac79e7a610 nmethod 1499 0x000002ac65834e90 code [0x000002ac65835020, 0x000002ac658350f8]

GC Heap History (20 events):
Event: 2.755 GC heap after
{Heap after GC invocations=45 (full 0):
 garbage-first heap   total 491520K, used 226189K [0x0000000709800000, 0x0000000800000000)
  region size 2048K, 1 young (2048K), 1 survivors (2048K)
 Metaspace       used 9699K, committed 9920K, reserved 1114112K
  class space    used 1216K, committed 1344K, reserved 1048576K
}
Event: 2.815 GC heap before
{Heap before GC invocations=46 (full 0):
 garbage-first heap   total 491520K, used 232333K [0x0000000709800000, 0x0000000800000000)
  region size 2048K, 4 young (8192K), 1 survivors (2048K)
 Metaspace       used 9710K, committed 9920K, reserved 1114112K
  class space    used 1216K, committed 1344K, reserved 1048576K
}
Event: 2.816 GC heap after
{Heap after GC invocations=47 (full 0):
 garbage-first heap   total 491520K, used 228267K [0x0000000709800000, 0x0000000800000000)
  region size 2048K, 1 young (2048K), 1 survivors (2048K)
 Metaspace       used 9710K, committed 9920K, reserved 1114112K
  class space    used 1216K, committed 1344K, reserved 1048576K
}
Event: 2.849 GC heap before
{Heap before GC invocations=48 (full 0):
 garbage-first heap   total 491520K, used 240555K [0x0000000709800000, 0x0000000800000000)
  region size 2048K, 5 young (10240K), 1 survivors (2048K)
 Metaspace       used 9711K, committed 9920K, reserved 1114112K
  class space    used 1216K, committed 1344K, reserved 1048576K
}
Event: 2.850 GC heap after
{Heap after GC invocations=49 (full 0):
 garbage-first heap   total 491520K, used 234450K [0x0000000709800000, 0x0000000800000000)
  region size 2048K, 1 young (2048K), 1 survivors (2048K)
 Metaspace       used 9711K, committed 9920K, reserved 1114112K
  class space    used 1216K, committed 1344K, reserved 1048576K
}
Event: 2.913 GC heap before
{Heap before GC invocations=50 (full 0):
 garbage-first heap   total 491520K, used 240594K [0x0000000709800000, 0x0000000800000000)
  region size 2048K, 4 young (8192K), 1 survivors (2048K)
 Metaspace       used 9724K, committed 9920K, reserved 1114112K
  class space    used 1216K, committed 1344K, reserved 1048576K
}
Event: 3.059 GC heap after
{Heap after GC invocations=51 (full 0):
 garbage-first heap   total 589824K, used 236498K [0x0000000709800000, 0x0000000800000000)
  region size 2048K, 1 young (2048K), 1 survivors (2048K)
 Metaspace       used 9724K, committed 9920K, reserved 1114112K
  class space    used 1216K, committed 1344K, reserved 1048576K
}
Event: 3.323 GC heap before
{Heap before GC invocations=51 (full 0):
 garbage-first heap   total 589824K, used 283602K [0x0000000709800000, 0x0000000800000000)
  region size 2048K, 13 young (26624K), 1 survivors (2048K)
 Metaspace       used 9758K, committed 9984K, reserved 1114112K
  class space    used 1225K, committed 1344K, reserved 1048576K
}
Event: 3.324 GC heap after
{Heap after GC invocations=52 (full 0):
 garbage-first heap   total 589824K, used 261156K [0x0000000709800000, 0x0000000800000000)
  region size 2048K, 1 young (2048K), 1 survivors (2048K)
 Metaspace       used 9758K, committed 9984K, reserved 1114112K
  class space    used 1225K, committed 1344K, reserved 1048576K
}
Event: 3.360 GC heap before
{Heap before GC invocations=52 (full 0):
 garbage-first heap   total 589824K, used 273444K [0x0000000709800000, 0x0000000800000000)
  region size 2048K, 5 young (10240K), 1 survivors (2048K)
 Metaspace       used 9760K, committed 9984K, reserved 1114112K
  class space    used 1225K, committed 1344K, reserved 1048576K
}
Event: 3.361 GC heap after
{Heap after GC invocations=53 (full 0):
 garbage-first heap   total 589824K, used 267325K [0x0000000709800000, 0x0000000800000000)
  region size 2048K, 1 young (2048K), 1 survivors (2048K)
 Metaspace       used 9760K, committed 9984K, reserved 1114112K
  class space    used 1225K, committed 1344K, reserved 1048576K
}
Event: 3.439 GC heap before
{Heap before GC invocations=54 (full 0):
 garbage-first heap   total 589824K, used 273469K [0x0000000709800000, 0x0000000800000000)
  region size 2048K, 4 young (8192K), 1 survivors (2048K)
 Metaspace       used 9899K, committed 10112K, reserved 1114112K
  class space    used 1231K, committed 1344K, reserved 1048576K
}
Event: 3.440 GC heap after
{Heap after GC invocations=55 (full 0):
 garbage-first heap   total 589824K, used 269411K [0x0000000709800000, 0x0000000800000000)
  region size 2048K, 1 young (2048K), 1 survivors (2048K)
 Metaspace       used 9899K, committed 10112K, reserved 1114112K
  class space    used 1231K, committed 1344K, reserved 1048576K
}
Event: 3.474 GC heap before
{Heap before GC invocations=56 (full 0):
 garbage-first heap   total 589824K, used 281699K [0x0000000709800000, 0x0000000800000000)
  region size 2048K, 5 young (10240K), 1 survivors (2048K)
 Metaspace       used 9899K, committed 10112K, reserved 1114112K
  class space    used 1231K, committed 1344K, reserved 1048576K
}
Event: 3.475 GC heap after
{Heap after GC invocations=57 (full 0):
 garbage-first heap   total 589824K, used 275573K [0x0000000709800000, 0x0000000800000000)
  region size 2048K, 1 young (2048K), 1 survivors (2048K)
 Metaspace       used 9899K, committed 10112K, reserved 1114112K
  class space    used 1231K, committed 1344K, reserved 1048576K
}
Event: 3.549 GC heap before
{Heap before GC invocations=58 (full 0):
 garbage-first heap   total 589824K, used 281717K [0x0000000709800000, 0x0000000800000000)
  region size 2048K, 4 young (8192K), 1 survivors (2048K)
 Metaspace       used 9996K, committed 10176K, reserved 1114112K
  class space    used 1238K, committed 1344K, reserved 1048576K
}
Event: 3.550 GC heap after
{Heap after GC invocations=59 (full 0):
 garbage-first heap   total 589824K, used 277665K [0x0000000709800000, 0x0000000800000000)
  region size 2048K, 1 young (2048K), 1 survivors (2048K)
 Metaspace       used 9996K, committed 10176K, reserved 1114112K
  class space    used 1238K, committed 1344K, reserved 1048576K
}
Event: 3.591 GC heap before
{Heap before GC invocations=60 (full 0):
 garbage-first heap   total 589824K, used 292001K [0x0000000709800000, 0x0000000800000000)
  region size 2048K, 6 young (12288K), 1 survivors (2048K)
 Metaspace       used 10001K, committed 10240K, reserved 1114112K
  class space    used 1238K, committed 1344K, reserved 1048576K
}
Event: 3.592 GC heap after
{Heap after GC invocations=61 (full 0):
 garbage-first heap   total 589824K, used 283826K [0x0000000709800000, 0x0000000800000000)
  region size 2048K, 1 young (2048K), 1 survivors (2048K)
 Metaspace       used 10001K, committed 10240K, reserved 1114112K
  class space    used 1238K, committed 1344K, reserved 1048576K
}
Event: 3.679 GC heap before
{Heap before GC invocations=62 (full 0):
 garbage-first heap   total 589824K, used 292018K [0x0000000709800000, 0x0000000800000000)
  region size 2048K, 5 young (10240K), 1 survivors (2048K)
 Metaspace       used 10416K, committed 10560K, reserved 1114112K
  class space    used 1334K, committed 1408K, reserved 1048576K
}

Dll operation events (7 events):
Event: 0.005 Loaded shared library C:\Users\pc\Documents\Universidad\Segundo Semestre\eclipse-java-2022-12 JDK 19\eclipse\jdk-19.0.2\bin\java.dll
Event: 0.011 Loaded shared library C:\Users\pc\Documents\Universidad\Segundo Semestre\eclipse-java-2022-12 JDK 19\eclipse\jdk-19.0.2\bin\jsvml.dll
Event: 0.050 Loaded shared library C:\Users\pc\Documents\Universidad\Segundo Semestre\eclipse-java-2022-12 JDK 19\eclipse\jdk-19.0.2\bin\jimage.dll
Event: 0.061 Loaded shared library C:\Users\pc\Documents\Universidad\Segundo Semestre\eclipse-java-2022-12 JDK 19\eclipse\jdk-19.0.2\bin\awt.dll
Event: 0.209 Loaded shared library C:\Users\pc\Documents\Universidad\Segundo Semestre\eclipse-java-2022-12 JDK 19\eclipse\jdk-19.0.2\bin\freetype.dll
Event: 0.210 Loaded shared library C:\Users\pc\Documents\Universidad\Segundo Semestre\eclipse-java-2022-12 JDK 19\eclipse\jdk-19.0.2\bin\fontmanager.dll
Event: 0.257 Loaded shared library C:\Users\pc\Documents\Universidad\Segundo Semestre\eclipse-java-2022-12 JDK 19\eclipse\jdk-19.0.2\bin\zip.dll

Deoptimization events (20 events):
Event: 3.664 Thread 0x000002ac54477720 Uncommon trap: trap_request=0xffffff45 fr.pc=0x000002ac6580ce54 relative=0x0000000000000a34
Event: 3.664 Thread 0x000002ac54477720 Uncommon trap: reason=unstable_if action=reinterpret pc=0x000002ac6580ce54 method=java.util.HashMap.putVal(ILjava/lang/Object;Ljava/lang/Object;ZZ)Ljava/lang/Object; @ 109 c2
Event: 3.664 Thread 0x000002ac54477720 DEOPT PACKING pc=0x000002ac6580ce54 sp=0x000000cb33cfe070
Event: 3.664 Thread 0x000002ac54477720 DEOPT UNPACKING pc=0x000002ac65066da3 sp=0x000000cb33cfdfa8 mode 2
Event: 3.666 Thread 0x000002ac54477720 Uncommon trap: trap_request=0xffffffde fr.pc=0x000002ac6582e294 relative=0x00000000000008d4
Event: 3.666 Thread 0x000002ac54477720 Uncommon trap: reason=class_check action=maybe_recompile pc=0x000002ac6582e294 method=javax.swing.UIDefaults.getFromHashtable(Ljava/lang/Object;)Ljava/lang/Object; @ 122 c2
Event: 3.666 Thread 0x000002ac54477720 DEOPT PACKING pc=0x000002ac6582e294 sp=0x000000cb33cfee40
Event: 3.666 Thread 0x000002ac54477720 DEOPT UNPACKING pc=0x000002ac65066da3 sp=0x000000cb33cfede0 mode 2
Event: 3.666 Thread 0x000002ac54477720 Uncommon trap: trap_request=0xffffffde fr.pc=0x000002ac6582e294 relative=0x00000000000008d4
Event: 3.666 Thread 0x000002ac54477720 Uncommon trap: reason=class_check action=maybe_recompile pc=0x000002ac6582e294 method=javax.swing.UIDefaults.getFromHashtable(Ljava/lang/Object;)Ljava/lang/Object; @ 122 c2
Event: 3.666 Thread 0x000002ac54477720 DEOPT PACKING pc=0x000002ac6582e294 sp=0x000000cb33cfee40
Event: 3.666 Thread 0x000002ac54477720 DEOPT UNPACKING pc=0x000002ac65066da3 sp=0x000000cb33cfede0 mode 2
Event: 3.667 Thread 0x000002ac54477720 Uncommon trap: trap_request=0xffffffde fr.pc=0x000002ac6582e294 relative=0x00000000000008d4
Event: 3.667 Thread 0x000002ac54477720 Uncommon trap: reason=class_check action=maybe_recompile pc=0x000002ac6582e294 method=javax.swing.UIDefaults.getFromHashtable(Ljava/lang/Object;)Ljava/lang/Object; @ 122 c2
Event: 3.667 Thread 0x000002ac54477720 DEOPT PACKING pc=0x000002ac6582e294 sp=0x000000cb33cfee40
Event: 3.667 Thread 0x000002ac54477720 DEOPT UNPACKING pc=0x000002ac65066da3 sp=0x000000cb33cfede0 mode 2
Event: 3.667 Thread 0x000002ac54477720 Uncommon trap: trap_request=0xffffffde fr.pc=0x000002ac6582e294 relative=0x00000000000008d4
Event: 3.667 Thread 0x000002ac54477720 Uncommon trap: reason=class_check action=maybe_recompile pc=0x000002ac6582e294 method=javax.swing.UIDefaults.getFromHashtable(Ljava/lang/Object;)Ljava/lang/Object; @ 122 c2
Event: 3.667 Thread 0x000002ac54477720 DEOPT PACKING pc=0x000002ac6582e294 sp=0x000000cb33cfee40
Event: 3.667 Thread 0x000002ac54477720 DEOPT UNPACKING pc=0x000002ac65066da3 sp=0x000000cb33cfede0 mode 2

Classes loaded (20 events):
Event: 3.668 Loading class javax/swing/plaf/synth/SynthCheckBoxUI
Event: 3.668 Loading class javax/swing/plaf/synth/SynthRadioButtonUI
Event: 3.668 Loading class javax/swing/plaf/synth/SynthToggleButtonUI
Event: 3.669 Loading class javax/swing/plaf/synth/SynthToggleButtonUI done
Event: 3.669 Loading class javax/swing/plaf/synth/SynthRadioButtonUI done
Event: 3.669 Loading class javax/swing/plaf/synth/SynthCheckBoxUI done
Event: 3.669 Loading class javax/swing/plaf/basic/BasicButtonUI$KeyHandler
Event: 3.669 Loading class javax/swing/plaf/basic/BasicButtonUI$KeyHandler done
Event: 3.669 Loading class javax/swing/plaf/basic/BasicButtonUI$SelectPreviousBtn
Event: 3.669 Loading class javax/swing/plaf/basic/BasicButtonUI$SelectPreviousBtn done
Event: 3.669 Loading class javax/swing/plaf/basic/BasicButtonUI$SelectNextBtn
Event: 3.669 Loading class javax/swing/plaf/basic/BasicButtonUI$SelectNextBtn done
Event: 3.669 Loading class javax/swing/JTable$BooleanRenderer
Event: 3.670 Loading class javax/swing/JTable$BooleanRenderer done
Event: 3.670 Loading class javax/swing/plaf/synth/SynthTableUI$SynthTableCellRenderer
Event: 3.670 Loading class javax/swing/plaf/synth/SynthTableUI$SynthTableCellRenderer done
Event: 3.671 Loading class javax/swing/event/ChangeEvent
Event: 3.671 Loading class javax/swing/event/ChangeEvent done
Event: 3.671 Loading class javax/swing/plaf/basic/BasicTableUI$Handler
Event: 3.671 Loading class javax/swing/plaf/basic/BasicTableUI$Handler done

Classes unloaded (0 events):
No events

Classes redefined (0 events):
No events

Internal exceptions (20 events):
Event: 0.232 Thread 0x000002ac54477720 Exception <a 'java/lang/ClassNotFoundException'{0x00000007188aae98}: ToolTip> (0x00000007188aae98) 
thrown [s\open\src\hotspot\share\classfile\systemDictionary.cpp, line 255]
Event: 0.232 Thread 0x000002ac54477720 Exception <a 'java/lang/ClassNotFoundException'{0x00000007188ab7e8}: Tree> (0x00000007188ab7e8) 
thrown [s\open\src\hotspot\share\classfile\systemDictionary.cpp, line 255]
Event: 0.232 Thread 0x000002ac54477720 Exception <a 'java/lang/ClassNotFoundException'{0x00000007188abce0}: Tree> (0x00000007188abce0) 
thrown [s\open\src\hotspot\share\classfile\systemDictionary.cpp, line 255]
Event: 0.232 Thread 0x000002ac54477720 Exception <a 'java/lang/ClassNotFoundException'{0x00000007188ac050}: javax/swing/JTreeCell> (0x00000007188ac050) 
thrown [s\open\src\hotspot\share\classfile\systemDictionary.cpp, line 255]
Event: 0.232 Thread 0x000002ac54477720 Exception <a 'java/lang/ClassNotFoundException'{0x00000007188ac358}: TreeCell> (0x00000007188ac358) 
thrown [s\open\src\hotspot\share\classfile\systemDictionary.cpp, line 255]
Event: 0.232 Thread 0x000002ac54477720 Exception <a 'java/lang/ClassNotFoundException'{0x00000007188ac950}: RootPane> (0x00000007188ac950) 
thrown [s\open\src\hotspot\share\classfile\systemDictionary.cpp, line 255]
Event: 0.239 Thread 0x000002ac54477720 Exception <a 'java/lang/ClassNotFoundException'{0x00000007188e9278}: com/sun/swing/internal/plaf/synth/resources/spi/synthProvider> (0x00000007188e9278) 
thrown [s\open\src\hotspot\share\classfile\systemDictionary.cpp, line 255]
Event: 0.244 Thread 0x000002ac54477720 Exception <a 'java/lang/NoSuchMethodError'{0x00000007189189b8}: 'java.lang.Object java.lang.invoke.DirectMethodHandle$Holder.newInvokeSpecial(java.lang.Object, java.lang.Object, int)'> (0x00000007189189b8) 
thrown [s\open\src\hotspot\share\interpreter\linkResolver.cpp, line 774]
Event: 0.244 Thread 0x000002ac54477720 Exception <a 'java/lang/NoSuchMethodError'{0x000000071891dc00}: 'int java.lang.invoke.DirectMethodHandle$Holder.invokeSpecial(java.lang.Object, java.lang.Object, java.lang.Object, int)'> (0x000000071891dc00) 
thrown [s\open\src\hotspot\share\interpreter\linkResolver.cpp, line 774]
Event: 0.246 Thread 0x000002ac54477720 Exception <a 'java/lang/NoSuchMethodError'{0x0000000718930250}: 'java.lang.Object java.lang.invoke.DirectMethodHandle$Holder.invokeStatic(java.lang.Object, java.lang.Object, java.lang.Object, java.lang.Object, int)'> (0x0000000718930250) 
thrown [s\open\src\hotspot\share\interpreter\linkResolver.cpp, line 774]
Event: 0.246 Thread 0x000002ac54477720 Exception <a 'java/lang/NoSuchMethodError'{0x000000071893c0b8}: 'int java.lang.invoke.DirectMethodHandle$Holder.invokeSpecial(java.lang.Object, java.lang.Object, java.lang.Object)'> (0x000000071893c0b8) 
thrown [s\open\src\hotspot\share\interpreter\linkResolver.cpp, line 774]
Event: 0.258 Thread 0x000002ac7e164ad0 Exception <a 'java/lang/NoSuchMethodError'{0x00000007189d5740}: 'java.lang.Object java.lang.invoke.DirectMethodHandle$Holder.newInvokeSpecial(java.lang.Object, java.lang.Object, java.lang.Object, int, int, int, int, int)'> (0x00000007189d5740) 
thrown [s\open\src\hotspot\share\interpreter\linkResolver.cpp, line 774]
Event: 0.444 Thread 0x000002ac7e164ad0 Implicit null exception at 0x000002ac65784af3 to 0x000002ac65785bc3
Event: 0.538 Thread 0x000002ac7e164ad0 Implicit null exception at 0x000002ac6578b4e1 to 0x000002ac6578b988
Event: 1.062 Thread 0x000002ac54477720 Exception <a 'java/lang/NoSuchMethodError'{0x0000000716c35b08}: 'long java.lang.invoke.DirectMethodHandle$Holder.invokeSpecial(java.lang.Object, java.lang.Object)'> (0x0000000716c35b08) 
thrown [s\open\src\hotspot\share\interpreter\linkResolver.cpp, line 774]
Event: 1.062 Thread 0x000002ac54477720 Exception <a 'java/lang/NoSuchMethodError'{0x0000000716c391b0}: 'long java.lang.invoke.Invokers$Holder.invokeExact_MT(java.lang.Object, java.lang.Object)'> (0x0000000716c391b0) 
thrown [s\open\src\hotspot\share\interpreter\linkResolver.cpp, line 774]
Event: 1.069 Thread 0x000002ac7e167550 Exception <a 'java/io/FileNotFoundException'{0x0000000716ff9b00}> (0x0000000716ff9b00) 
thrown [s\open\src\hotspot\share\prims\jni.cpp, line 517]
Event: 1.069 Thread 0x000002ac7e164ad0 Exception <a 'java/io/FileNotFoundException'{0x0000000716b64638}> (0x0000000716b64638) 
thrown [s\open\src\hotspot\share\prims\jni.cpp, line 517]
Event: 1.244 Thread 0x000002ac7e167550 Exception <a 'java/io/FileNotFoundException'{0x000000071870e4b8}> (0x000000071870e4b8) 
thrown [s\open\src\hotspot\share\prims\jni.cpp, line 517]
Event: 1.245 Thread 0x000002ac7e164ad0 Exception <a 'java/io/FileNotFoundException'{0x00000007185f9280}> (0x00000007185f9280) 
thrown [s\open\src\hotspot\share\prims\jni.cpp, line 517]

VM Operations (20 events):
Event: 3.479 Executing VM operation: G1PauseRemark done
Event: 3.480 Executing VM operation: G1PauseCleanup
Event: 3.480 Executing VM operation: G1PauseCleanup done
Event: 3.549 Executing VM operation: G1TryInitiateConcMark
Event: 3.550 Executing VM operation: G1TryInitiateConcMark done
Event: 3.553 Executing VM operation: G1PauseRemark
Event: 3.554 Executing VM operation: G1PauseRemark done
Event: 3.555 Executing VM operation: G1PauseCleanup
Event: 3.555 Executing VM operation: G1PauseCleanup done
Event: 3.591 Executing VM operation: G1TryInitiateConcMark
Event: 3.592 Executing VM operation: G1TryInitiateConcMark done
Event: 3.595 Executing VM operation: G1PauseRemark
Event: 3.596 Executing VM operation: G1PauseRemark done
Event: 3.597 Executing VM operation: G1PauseCleanup
Event: 3.597 Executing VM operation: G1PauseCleanup done
Event: 3.660 Executing VM operation: HandshakeAllThreads
Event: 3.660 Executing VM operation: HandshakeAllThreads done
Event: 3.670 Executing VM operation: HandshakeAllThreads
Event: 3.670 Executing VM operation: HandshakeAllThreads done
Event: 3.678 Executing VM operation: G1TryInitiateConcMark

Events (20 events):
Event: 0.019 Thread 0x000002ac79e61490 Thread added: 0x000002ac79e61490
Event: 0.019 Thread 0x000002ac79e62820 Thread added: 0x000002ac79e62820
Event: 0.019 Thread 0x000002ac79e65f20 Thread added: 0x000002ac79e65f20
Event: 0.019 Thread 0x000002ac79e67860 Thread added: 0x000002ac79e67860
Event: 0.019 Thread 0x000002ac79e6a940 Thread added: 0x000002ac79e6a940
Event: 0.019 Thread 0x000002ac79e6c020 Thread added: 0x000002ac79e6c020
Event: 0.019 Thread 0x000002ac79e74d50 Thread added: 0x000002ac79e74d50
Event: 0.019 Thread 0x000002ac79e7a610 Thread added: 0x000002ac79e7a610
Event: 0.019 Thread 0x000002ac79e93350 Thread added: 0x000002ac79e93350
Event: 0.023 Thread 0x000002ac7e097b10 Thread added: 0x000002ac7e097b10
Event: 0.028 Thread 0x000002ac7e165570 Thread added: 0x000002ac7e165570
Event: 0.030 Thread 0x000002ac7e164580 Thread added: 0x000002ac7e164580
Event: 0.102 Thread 0x000002ac7e167000 Thread added: 0x000002ac7e167000
Event: 0.102 Thread 0x000002ac7e165ac0 Thread added: 0x000002ac7e165ac0
Event: 0.103 Thread 0x000002ac7e166010 Thread added: 0x000002ac7e166010
Event: 0.255 Thread 0x000002ac7e164ad0 Thread added: 0x000002ac7e164ad0
Event: 0.443 Thread 0x000002ac7e167550 Thread added: 0x000002ac7e167550
Event: 1.159 Thread 0x000002ac7e165ac0 Thread exited: 0x000002ac7e165ac0
Event: 1.404 Thread 0x000002ac7e165ac0 Thread added: 0x000002ac7e165ac0
Event: 1.405 Thread 0x000002ac7e165020 Thread added: 0x000002ac7e165020


Dynamic libraries:
0x00007ff61c0e0000 - 0x00007ff61c0f0000 	C:\Users\pc\Documents\Universidad\Segundo Semestre\eclipse-java-2022-12 JDK 19\eclipse\jdk-19.0.2\bin\javaw.exe
0x00007ff8c7f30000 - 0x00007ff8c8147000 	C:\WINDOWS\SYSTEM32\ntdll.dll
0x00007ff8c6220000 - 0x00007ff8c62e4000 	C:\WINDOWS\System32\KERNEL32.DLL
0x00007ff8c53c0000 - 0x00007ff8c5765000 	C:\WINDOWS\System32\KERNELBASE.dll
0x00007ff8c59f0000 - 0x00007ff8c5b01000 	C:\WINDOWS\System32\ucrtbase.dll
0x00007ff8b4400000 - 0x00007ff8b4418000 	C:\Users\pc\Documents\Universidad\Segundo Semestre\eclipse-java-2022-12 JDK 19\eclipse\jdk-19.0.2\bin\jli.dll
0x00007ff8bd310000 - 0x00007ff8bd32b000 	C:\Users\pc\Documents\Universidad\Segundo Semestre\eclipse-java-2022-12 JDK 19\eclipse\jdk-19.0.2\bin\VCRUNTIME140.dll
0x00007ff8c6810000 - 0x00007ff8c68c1000 	C:\WINDOWS\System32\ADVAPI32.dll
0x00007ff8c7730000 - 0x00007ff8c77d7000 	C:\WINDOWS\System32\msvcrt.dll
0x00007ff8c68d0000 - 0x00007ff8c6976000 	C:\WINDOWS\System32\sechost.dll
0x00007ff8c6460000 - 0x00007ff8c6577000 	C:\WINDOWS\System32\RPCRT4.dll
0x00007ff8c5d70000 - 0x00007ff8c5f1e000 	C:\WINDOWS\System32\USER32.dll
0x00007ff8c5770000 - 0x00007ff8c5796000 	C:\WINDOWS\System32\win32u.dll
0x00007ff8b51b0000 - 0x00007ff8b5443000 	C:\WINDOWS\WinSxS\amd64_microsoft.windows.common-controls_6595b64144ccf1df_6.0.22621.2506_none_270c5ae97388e100\COMCTL32.dll
0x00007ff8c61f0000 - 0x00007ff8c6219000 	C:\WINDOWS\System32\GDI32.dll
0x00007ff8c52a0000 - 0x00007ff8c53b9000 	C:\WINDOWS\System32\gdi32full.dll
0x00007ff8c57a0000 - 0x00007ff8c583a000 	C:\WINDOWS\System32\msvcp_win.dll
0x00007ff8be5b0000 - 0x00007ff8be5ba000 	C:\WINDOWS\SYSTEM32\VERSION.dll
0x00007ff8c76d0000 - 0x00007ff8c7701000 	C:\WINDOWS\System32\IMM32.DLL
0x00007ff8c2d60000 - 0x00007ff8c2d6c000 	C:\Users\pc\Documents\Universidad\Segundo Semestre\eclipse-java-2022-12 JDK 19\eclipse\jdk-19.0.2\bin\vcruntime140_1.dll
0x00007ff89e020000 - 0x00007ff89e0ae000 	C:\Users\pc\Documents\Universidad\Segundo Semestre\eclipse-java-2022-12 JDK 19\eclipse\jdk-19.0.2\bin\msvcp140.dll
0x00007ff85cd50000 - 0x00007ff85da10000 	C:\Users\pc\Documents\Universidad\Segundo Semestre\eclipse-java-2022-12 JDK 19\eclipse\jdk-19.0.2\bin\server\jvm.dll
0x00007ff8c2c50000 - 0x00007ff8c2c84000 	C:\WINDOWS\SYSTEM32\WINMM.dll
0x00007ff8b4930000 - 0x00007ff8b4939000 	C:\WINDOWS\SYSTEM32\WSOCK32.dll
0x00007ff8c63e0000 - 0x00007ff8c6451000 	C:\WINDOWS\System32\WS2_32.dll
0x00007ff8c4390000 - 0x00007ff8c43a8000 	C:\WINDOWS\SYSTEM32\kernel.appcore.dll
0x00007ff8bfdd0000 - 0x00007ff8bfdda000 	C:\Users\pc\Documents\Universidad\Segundo Semestre\eclipse-java-2022-12 JDK 19\eclipse\jdk-19.0.2\bin\jimage.dll
0x00007ff8c2a10000 - 0x00007ff8c2c43000 	C:\WINDOWS\SYSTEM32\DBGHELP.DLL
0x00007ff8c7ab0000 - 0x00007ff8c7e39000 	C:\WINDOWS\System32\combase.dll
0x00007ff8c5c80000 - 0x00007ff8c5d57000 	C:\WINDOWS\System32\OLEAUT32.dll
0x00007ff8c29d0000 - 0x00007ff8c2a02000 	C:\WINDOWS\SYSTEM32\dbgcore.DLL
0x00007ff8c5840000 - 0x00007ff8c58ba000 	C:\WINDOWS\System32\bcryptPrimitives.dll
0x00007ff8adbd0000 - 0x00007ff8adbf6000 	C:\Users\pc\Documents\Universidad\Segundo Semestre\eclipse-java-2022-12 JDK 19\eclipse\jdk-19.0.2\bin\java.dll
0x00007ff89a1c0000 - 0x00007ff89a297000 	C:\Users\pc\Documents\Universidad\Segundo Semestre\eclipse-java-2022-12 JDK 19\eclipse\jdk-19.0.2\bin\jsvml.dll
0x00007ff8c69f0000 - 0x00007ff8c7249000 	C:\WINDOWS\System32\SHELL32.dll
0x00007ff8c31d0000 - 0x00007ff8c3ac4000 	C:\WINDOWS\SYSTEM32\windows.storage.dll
0x00007ff8c3090000 - 0x00007ff8c31ce000 	C:\WINDOWS\SYSTEM32\wintypes.dll
0x00007ff8c5f50000 - 0x00007ff8c6043000 	C:\WINDOWS\System32\SHCORE.dll
0x00007ff8c6380000 - 0x00007ff8c63de000 	C:\WINDOWS\System32\shlwapi.dll
0x00007ff8c51d0000 - 0x00007ff8c51f6000 	C:\WINDOWS\SYSTEM32\profapi.dll
0x00007ff87f3b0000 - 0x00007ff87f541000 	C:\Users\pc\Documents\Universidad\Segundo Semestre\eclipse-java-2022-12 JDK 19\eclipse\jdk-19.0.2\bin\awt.dll
0x00007ff8c1c80000 - 0x00007ff8c1d17000 	C:\WINDOWS\SYSTEM32\apphelp.dll
0x00007ff8c23d0000 - 0x00007ff8c23fb000 	C:\WINDOWS\system32\DWMAPI.DLL
0x00007ff8c2190000 - 0x00007ff8c223b000 	C:\WINDOWS\system32\uxtheme.dll
0x00007ff899f00000 - 0x00007ff89a000000 	C:\WINDOWS\system32\opengl32.dll
0x00007ff8adad0000 - 0x00007ff8adafd000 	C:\WINDOWS\SYSTEM32\GLU32.dll
0x00007ff8c2440000 - 0x00007ff8c2476000 	C:\WINDOWS\SYSTEM32\dxcore.dll
0x00007ff8c6050000 - 0x00007ff8c619f000 	C:\WINDOWS\System32\MSCTF.dll
0x00007ff8c6580000 - 0x00007ff8c6720000 	C:\WINDOWS\System32\ole32.dll
0x00007ff898180000 - 0x00007ff898329000 	C:\WINDOWS\system32\d3d9.dll
0x00007ff8bafa0000 - 0x00007ff8bb15b000 	C:\WINDOWS\System32\DriverStore\FileRepository\u0382030.inf_amd64_c27c1f19988d7c7e\B381533\aticfx64.dll
0x00007ff8ad4f0000 - 0x00007ff8ad524000 	C:\WINDOWS\System32\DriverStore\FileRepository\u0382030.inf_amd64_c27c1f19988d7c7e\B381533\atiu9p64.dll
0x00007ff856b20000 - 0x00007ff857875000 	C:\WINDOWS\System32\DriverStore\FileRepository\u0382030.inf_amd64_c27c1f19988d7c7e\B381533\atiumd64.dll
0x0000000065f80000 - 0x0000000066ea6000 	C:\WINDOWS\System32\DriverStore\FileRepository\u0382030.inf_amd64_c27c1f19988d7c7e\B381533\atiumd6a.dll
0x00007ff8c7250000 - 0x00007ff8c76c4000 	C:\WINDOWS\System32\SETUPAPI.dll
0x00007ff8c40f0000 - 0x00007ff8c413d000 	C:\WINDOWS\SYSTEM32\POWRPROF.dll
0x00007ff8c40d0000 - 0x00007ff8c40e3000 	C:\WINDOWS\SYSTEM32\UMPDC.dll
0x00007ff8bb2e0000 - 0x00007ff8bb315000 	C:\WINDOWS\SYSTEM32\amdihk64.dll
0x00007ff8bee10000 - 0x00007ff8bee5a000 	C:\WINDOWS\SYSTEM32\directxdatabasehelper.dll
0x00007ff89a800000 - 0x00007ff89a886000 	C:\Users\pc\Documents\Universidad\Segundo Semestre\eclipse-java-2022-12 JDK 19\eclipse\jdk-19.0.2\bin\freetype.dll
0x00007ff89a0f0000 - 0x00007ff89a1b6000 	C:\Users\pc\Documents\Universidad\Segundo Semestre\eclipse-java-2022-12 JDK 19\eclipse\jdk-19.0.2\bin\fontmanager.dll
0x00007ff8ae8d0000 - 0x00007ff8ae8e8000 	C:\Users\pc\Documents\Universidad\Segundo Semestre\eclipse-java-2022-12 JDK 19\eclipse\jdk-19.0.2\bin\zip.dll

dbghelp: loaded successfully - version: 4.0.5 - missing functions: none
symbol engine: initialized successfully - sym options: 0x614 - pdb path: .;C:\Users\pc\Documents\Universidad\Segundo Semestre\eclipse-java-2022-12 JDK 19\eclipse\jdk-19.0.2\bin;C:\WINDOWS\SYSTEM32;C:\WINDOWS\WinSxS\amd64_microsoft.windows.common-controls_6595b64144ccf1df_6.0.22621.2506_none_270c5ae97388e100;C:\Users\pc\Documents\Universidad\Segundo Semestre\eclipse-java-2022-12 JDK 19\eclipse\jdk-19.0.2\bin\server;C:\WINDOWS\System32\DriverStore\FileRepository\u0382030.inf_amd64_c27c1f19988d7c7e\B381533

VM Arguments:
jvm_args: -Dfile.encoding=UTF-8 -XX:+ShowCodeDetailsInExceptionMessages 
java_command: co.edu.unbosque.controller.AplMain
java_class_path (initial): C:\Users\pc\Desktop\ProyectoFinal\bin
Launcher Type: SUN_STANDARD

[Global flags]
     intx CICompilerCount                          = 12                                        {product} {ergonomic}
     uint ConcGCThreads                            = 3                                         {product} {ergonomic}
     uint G1ConcRefinementThreads                  = 13                                        {product} {ergonomic}
   size_t G1HeapRegionSize                         = 2097152                                   {product} {ergonomic}
    uintx GCDrainStackTargetSize                   = 64                                        {product} {ergonomic}
   size_t InitialHeapSize                          = 260046848                                 {product} {ergonomic}
   size_t MarkStackSize                            = 4194304                                   {product} {ergonomic}
   size_t MaxHeapSize                              = 4135583744                                {product} {ergonomic}
   size_t MaxNewSize                               = 2480930816                                {product} {ergonomic}
   size_t MinHeapDeltaBytes                        = 2097152                                   {product} {ergonomic}
   size_t MinHeapSize                              = 8388608                                   {product} {ergonomic}
    uintx NonNMethodCodeHeapSize                   = 7602480                                {pd product} {ergonomic}
    uintx NonProfiledCodeHeapSize                  = 122027880                              {pd product} {ergonomic}
    uintx ProfiledCodeHeapSize                     = 122027880                              {pd product} {ergonomic}
    uintx ReservedCodeCacheSize                    = 251658240                              {pd product} {ergonomic}
     bool SegmentedCodeCache                       = true                                      {product} {ergonomic}
     bool ShowCodeDetailsInExceptionMessages       = true                                   {manageable} {command line}
   size_t SoftMaxHeapSize                          = 4135583744                             {manageable} {ergonomic}
     bool UseCompressedClassPointers               = true                           {product lp64_product} {ergonomic}
     bool UseCompressedOops                        = true                           {product lp64_product} {ergonomic}
     bool UseG1GC                                  = true                                      {product} {ergonomic}
     bool UseLargePagesIndividualAllocation        = false                                  {pd product} {ergonomic}

Logging:
Log output configuration:
 #0: stdout all=warning uptime,level,tags foldmultilines=false
 #1: stderr all=off uptime,level,tags foldmultilines=false

Environment Variables:
PATH=C:/Users/pc/.p2/pool/plugins/org.eclipse.justj.openjdk.hotspot.jre.full.win32.x86_64_19.0.2.v20230129-1123/jre/bin/server;C:/Users/pc/.p2/pool/plugins/org.eclipse.justj.openjdk.hotspot.jre.full.win32.x86_64_19.0.2.v20230129-1123/jre/bin;C:\Program Files\Common Files\Oracle\Java\javapath;C:\Windows\system32;C:\Windows;C:\Windows\System32\Wbem;C:\Windows\System32\WindowsPowerShell\v1.0\;C:\Windows\System32\OpenSSH\;C:\Program Files (x86)\NVIDIA Corporation\PhysX\Common;C:\WINDOWS\system32;C:\WINDOWS;C:\WINDOWS\System32\Wbem;C:\WINDOWS\System32\WindowsPowerShell\v1.0\;C:\WINDOWS\System32\OpenSSH\;C:\Program Files\NVIDIA Corporation\NVIDIA NvDLISR;C:\Users\pc\AppData\Local\Microsoft\WindowsApps;C:\Program Files\JetBrains\PyCharm Community Edition 2022.3.3\bin;;C:\WINDOWS\system32;
USERNAME=pc
OS=Windows_NT
PROCESSOR_IDENTIFIER=AMD64 Family 25 Model 80 Stepping 0, AuthenticAMD
TMP=C:\Users\pc\AppData\Local\Temp
TEMP=C:\Users\pc\AppData\Local\Temp



---------------  S Y S T E M  ---------------

OS:
 Windows 11 , 64 bit Build 22621 (10.0.22621.2506)
OS uptime: 1 days 7:58 hours

CPU: total 16 (initial active 16) (16 cores per cpu, 2 threads per core) family 25 model 80 stepping 0 microcode 0x0, cx8, cmov, fxsr, ht, mmx, 3dnowpref, sse, sse2, sse3, ssse3, sse4a, sse4.1, sse4.2, popcnt, lzcnt, tsc, tscinvbit, avx, avx2, aes, erms, clmul, bmi1, bmi2, adx, sha, fma, vzeroupper, clflush, clflushopt, rdtscp, rdpid, fsrm

Memory: 4k page, system-wide physical 15775M (261M free)
TotalPageFile size 64927M (AvailPageFile size 3M)
current process WorkingSet (physical memory assigned to process): 393M, peak: 393M
current process commit charge ("private bytes"): 744M, peak: 1540M

vm_info: Java HotSpot(TM) 64-Bit Server VM (19.0.2+7-44) for windows-amd64 JRE (19.0.2+7-44), built on 2022-11-30T18:02:09Z by "mach5one" with MS VC++ 17.1 (VS2022)

END.
